TN:
SF:src/auth/auth.controller.ts
FN:1,_define_property
FN:14,_ts_decorate
FN:20,_ts_metadata
FN:23,_ts_param
FN:24,(anonymous_4)
FN:32,(anonymous_5)
FN:35,(anonymous_6)
FNF:7
FNH:0
FNDA:0,_define_property
FNDA:0,_ts_decorate
FNDA:0,_ts_metadata
FNDA:0,_ts_param
FNDA:0,(anonymous_4)
FNDA:0,(anonymous_5)
FNDA:0,(anonymous_6)
DA:2,0
DA:3,0
DA:10,0
DA:12,0
DA:15,0
DA:16,0
DA:17,0
DA:18,0
DA:21,0
DA:24,0
DA:25,0
DA:33,0
DA:36,0
DA:37,0
DA:40,0
DA:50,0
LF:16
LH:0
BRDA:2,0,0,0
BRDA:2,0,1,0
BRDA:15,1,0,0
BRDA:15,1,1,0
BRDA:15,2,0,0
BRDA:15,2,1,0
BRDA:16,3,0,0
BRDA:16,3,1,0
BRDA:16,4,0,0
BRDA:16,4,1,0
BRDA:17,5,0,0
BRDA:17,5,1,0
BRDA:17,6,0,0
BRDA:17,6,1,0
BRDA:17,7,0,0
BRDA:17,7,1,0
BRDA:17,8,0,0
BRDA:17,8,1,0
BRDA:18,9,0,0
BRDA:18,9,1,0
BRDA:18,9,2,0
BRDA:21,10,0,0
BRDA:21,10,1,0
BRDA:21,11,0,0
BRDA:21,11,1,0
BRDA:46,12,0,0
BRDA:46,12,1,0
BRDA:54,13,0,0
BRDA:54,13,1,0
BRF:29
BRH:0
end_of_record
TN:
SF:src/auth/auth.service.ts
FN:7,(anonymous_0)
FN:16,_define_property
FN:29,_getRequireWildcardCache
FN:33,(anonymous_3)
FN:37,_interop_require_wildcard
FN:70,_ts_decorate
FN:76,_ts_metadata
FN:80,(anonymous_7)
FN:88,(anonymous_8)
FN:106,(anonymous_9)
FNF:10
FNH:10
FNDA:12,(anonymous_0)
FNDA:18,_define_property
FNDA:1,_getRequireWildcardCache
FNDA:1,(anonymous_3)
FNDA:1,_interop_require_wildcard
FNDA:1,_ts_decorate
FNDA:2,_ts_metadata
FNDA:5,(anonymous_7)
FNDA:2,(anonymous_8)
FNDA:6,(anonymous_9)
DA:2,1
DA:5,1
DA:8,12
DA:11,1
DA:12,1
DA:13,1
DA:14,1
DA:15,1
DA:17,18
DA:18,0
DA:25,18
DA:27,18
DA:30,1
DA:31,1
DA:32,1
DA:33,1
DA:34,1
DA:38,1
DA:39,0
DA:41,1
DA:42,0
DA:46,1
DA:47,1
DA:48,0
DA:50,1
DA:53,1
DA:54,1
DA:55,7
DA:56,7
DA:57,7
DA:58,0
DA:60,7
DA:64,1
DA:65,1
DA:66,1
DA:68,1
DA:71,1
DA:72,1
DA:73,0
DA:74,1
DA:77,2
DA:79,1
DA:81,5
DA:82,5
DA:83,0
DA:84,0
DA:86,5
DA:89,2
DA:90,2
DA:91,2
DA:93,0
DA:97,0
DA:107,6
DA:108,6
DA:109,6
DA:110,6
DA:111,6
DA:112,6
DA:115,1
LF:59
LH:49
BRDA:17,0,0,0
BRDA:17,0,1,18
BRDA:30,1,0,0
BRDA:30,1,1,1
BRDA:34,2,0,0
BRDA:34,2,1,1
BRDA:38,3,0,0
BRDA:38,3,1,1
BRDA:38,4,0,1
BRDA:38,4,1,1
BRDA:38,4,2,1
BRDA:41,5,0,0
BRDA:41,5,1,1
BRDA:41,6,0,1
BRDA:41,6,1,1
BRDA:41,6,2,0
BRDA:47,7,0,0
BRDA:47,7,1,1
BRDA:47,8,0,1
BRDA:47,8,1,1
BRDA:53,9,0,1
BRDA:53,9,1,1
BRDA:55,10,0,7
BRDA:55,10,1,0
BRDA:55,11,0,7
BRDA:55,11,1,7
BRDA:56,12,0,7
BRDA:56,12,1,0
BRDA:57,13,0,0
BRDA:57,13,1,7
BRDA:57,14,0,7
BRDA:57,14,1,7
BRDA:57,14,2,7
BRDA:65,15,0,1
BRDA:65,15,1,0
BRDA:71,16,0,1
BRDA:71,16,1,0
BRDA:71,17,0,0
BRDA:71,17,1,0
BRDA:72,18,0,1
BRDA:72,18,1,0
BRDA:72,19,0,1
BRDA:72,19,1,1
BRDA:73,20,0,0
BRDA:73,20,1,0
BRDA:73,21,0,0
BRDA:73,21,1,0
BRDA:73,22,0,0
BRDA:73,22,1,0
BRDA:73,23,0,0
BRDA:73,23,1,0
BRDA:74,24,0,1
BRDA:74,24,1,0
BRDA:74,24,2,0
BRDA:77,25,0,2
BRDA:77,25,1,0
BRDA:77,26,0,2
BRDA:77,26,1,2
BRDA:82,27,0,0
BRDA:82,27,1,5
BRDA:82,28,0,5
BRDA:82,28,1,4
BRDA:90,29,0,2
BRDA:90,29,1,0
BRDA:119,30,0,0
BRDA:119,30,1,1
BRDA:120,31,0,0
BRDA:120,31,1,1
BRDA:121,32,0,0
BRDA:121,32,1,1
BRF:70
BRH:39
end_of_record
TN:
SF:src/auth/guards/jwt-auth.guard.ts
FN:1,_ts_decorate
FNF:1
FNH:0
FNDA:0,_ts_decorate
DA:2,0
DA:3,0
DA:4,0
DA:5,0
DA:11,0
LF:5
LH:0
BRDA:2,0,0,0
BRDA:2,0,1,0
BRDA:2,1,0,0
BRDA:2,1,1,0
BRDA:3,2,0,0
BRDA:3,2,1,0
BRDA:3,3,0,0
BRDA:3,3,1,0
BRDA:4,4,0,0
BRDA:4,4,1,0
BRDA:4,5,0,0
BRDA:4,5,1,0
BRDA:4,6,0,0
BRDA:4,6,1,0
BRDA:4,7,0,0
BRDA:4,7,1,0
BRDA:5,8,0,0
BRDA:5,8,1,0
BRDA:5,8,2,0
BRF:19
BRH:0
end_of_record
TN:
SF:src/auth/strategies/jwt.strategy.ts
FN:1,_define_property
FN:14,_ts_decorate
FN:20,_ts_metadata
FN:29,(anonymous_3)
FN:39,(anonymous_4)
FNF:5
FNH:0
FNDA:0,_define_property
FNDA:0,_ts_decorate
FNDA:0,_ts_metadata
FNDA:0,(anonymous_3)
FNDA:0,(anonymous_4)
DA:2,0
DA:3,0
DA:10,0
DA:12,0
DA:15,0
DA:16,0
DA:17,0
DA:18,0
DA:21,0
DA:30,0
DA:31,0
DA:32,0
DA:34,0
DA:40,0
DA:47,0
LF:15
LH:0
BRDA:2,0,0,0
BRDA:2,0,1,0
BRDA:15,1,0,0
BRDA:15,1,1,0
BRDA:15,2,0,0
BRDA:15,2,1,0
BRDA:16,3,0,0
BRDA:16,3,1,0
BRDA:16,4,0,0
BRDA:16,4,1,0
BRDA:17,5,0,0
BRDA:17,5,1,0
BRDA:17,6,0,0
BRDA:17,6,1,0
BRDA:17,7,0,0
BRDA:17,7,1,0
BRDA:17,8,0,0
BRDA:17,8,1,0
BRDA:18,9,0,0
BRDA:18,9,1,0
BRDA:18,9,2,0
BRDA:21,10,0,0
BRDA:21,10,1,0
BRDA:21,11,0,0
BRDA:21,11,1,0
BRDA:31,12,0,0
BRDA:31,12,1,0
BRDA:43,13,0,0
BRDA:43,13,1,0
BRDA:51,14,0,0
BRDA:51,14,1,0
BRDA:52,15,0,0
BRDA:52,15,1,0
BRF:33
BRH:0
end_of_record
TN:
SF:src/users/users.controller.ts
FN:1,_define_property
FN:14,_ts_decorate
FN:20,_ts_metadata
FN:23,_ts_param
FN:24,(anonymous_4)
FN:34,(anonymous_5)
FN:37,(anonymous_6)
FN:40,(anonymous_7)
FN:43,(anonymous_8)
FN:46,(anonymous_9)
FN:49,(anonymous_10)
FNF:11
FNH:0
FNDA:0,_define_property
FNDA:0,_ts_decorate
FNDA:0,_ts_metadata
FNDA:0,_ts_param
FNDA:0,(anonymous_4)
FNDA:0,(anonymous_5)
FNDA:0,(anonymous_6)
FNDA:0,(anonymous_7)
FNDA:0,(anonymous_8)
FNDA:0,(anonymous_9)
FNDA:0,(anonymous_10)
DA:2,0
DA:3,0
DA:10,0
DA:12,0
DA:15,0
DA:16,0
DA:17,0
DA:18,0
DA:21,0
DA:24,0
DA:25,0
DA:35,0
DA:38,0
DA:41,0
DA:44,0
DA:47,0
DA:50,0
DA:51,0
DA:54,0
DA:64,0
DA:71,0
DA:81,0
DA:93,0
DA:104,0
LF:24
LH:0
BRDA:2,0,0,0
BRDA:2,0,1,0
BRDA:15,1,0,0
BRDA:15,1,1,0
BRDA:15,2,0,0
BRDA:15,2,1,0
BRDA:16,3,0,0
BRDA:16,3,1,0
BRDA:16,4,0,0
BRDA:16,4,1,0
BRDA:17,5,0,0
BRDA:17,5,1,0
BRDA:17,6,0,0
BRDA:17,6,1,0
BRDA:17,7,0,0
BRDA:17,7,1,0
BRDA:17,8,0,0
BRDA:17,8,1,0
BRDA:18,9,0,0
BRDA:18,9,1,0
BRDA:18,9,2,0
BRDA:21,10,0,0
BRDA:21,10,1,0
BRDA:21,11,0,0
BRDA:21,11,1,0
BRDA:60,12,0,0
BRDA:60,12,1,0
BRDA:89,13,0,0
BRDA:89,13,1,0
BRDA:108,14,0,0
BRDA:108,14,1,0
BRF:31
BRH:0
end_of_record
TN:
SF:src/users/users.service.ts
FN:7,(anonymous_0)
FN:16,_define_property
FN:29,_getRequireWildcardCache
FN:33,(anonymous_3)
FN:37,_interop_require_wildcard
FN:70,_ts_decorate
FN:76,_ts_metadata
FN:79,_ts_param
FN:80,(anonymous_8)
FN:85,(anonymous_9)
FN:97,(anonymous_10)
FN:100,(anonymous_11)
FN:107,(anonymous_12)
FN:112,(anonymous_13)
FN:124,(anonymous_14)
FN:130,(anonymous_15)
FNF:16
FNH:16
FNDA:36,(anonymous_0)
FNDA:11,_define_property
FNDA:2,_getRequireWildcardCache
FNDA:2,(anonymous_3)
FNDA:2,_interop_require_wildcard
FNDA:2,_ts_decorate
FNDA:4,_ts_metadata
FNDA:2,_ts_param
FNDA:2,(anonymous_8)
FNDA:1,(anonymous_9)
FNDA:1,(anonymous_10)
FNDA:2,(anonymous_11)
FNDA:1,(anonymous_12)
FNDA:3,(anonymous_13)
FNDA:2,(anonymous_14)
FNDA:11,(anonymous_15)
DA:2,2
DA:5,2
DA:8,36
DA:11,2
DA:12,2
DA:13,2
DA:14,2
DA:15,2
DA:17,11
DA:18,0
DA:25,11
DA:27,11
DA:30,2
DA:31,2
DA:32,2
DA:33,2
DA:34,2
DA:38,2
DA:39,0
DA:41,2
DA:42,0
DA:46,2
DA:47,2
DA:48,0
DA:50,2
DA:53,2
DA:54,2
DA:55,14
DA:56,14
DA:57,14
DA:58,0
DA:60,14
DA:64,2
DA:65,2
DA:66,2
DA:68,2
DA:71,2
DA:72,2
DA:73,0
DA:74,2
DA:77,4
DA:80,2
DA:81,2
DA:84,2
DA:86,1
DA:87,1
DA:91,0
DA:93,0
DA:94,0
DA:95,0
DA:98,1
DA:101,2
DA:102,2
DA:103,1
DA:105,1
DA:108,1
DA:113,3
DA:114,1
DA:116,3
DA:119,3
DA:120,1
DA:122,2
DA:125,2
DA:126,2
DA:127,1
DA:131,11
DA:132,11
DA:135,2
LF:68
LH:58
BRDA:17,0,0,0
BRDA:17,0,1,11
BRDA:30,1,0,0
BRDA:30,1,1,2
BRDA:34,2,0,0
BRDA:34,2,1,2
BRDA:38,3,0,0
BRDA:38,3,1,2
BRDA:38,4,0,2
BRDA:38,4,1,2
BRDA:38,4,2,2
BRDA:41,5,0,0
BRDA:41,5,1,2
BRDA:41,6,0,2
BRDA:41,6,1,2
BRDA:41,6,2,0
BRDA:47,7,0,0
BRDA:47,7,1,2
BRDA:47,8,0,2
BRDA:47,8,1,2
BRDA:53,9,0,2
BRDA:53,9,1,2
BRDA:55,10,0,14
BRDA:55,10,1,0
BRDA:55,11,0,14
BRDA:55,11,1,14
BRDA:56,12,0,14
BRDA:56,12,1,0
BRDA:57,13,0,0
BRDA:57,13,1,14
BRDA:57,14,0,14
BRDA:57,14,1,14
BRDA:57,14,2,14
BRDA:65,15,0,2
BRDA:65,15,1,0
BRDA:71,16,0,2
BRDA:71,16,1,0
BRDA:71,17,0,0
BRDA:71,17,1,0
BRDA:72,18,0,2
BRDA:72,18,1,0
BRDA:72,19,0,2
BRDA:72,19,1,2
BRDA:73,20,0,0
BRDA:73,20,1,0
BRDA:73,21,0,0
BRDA:73,21,1,0
BRDA:73,22,0,0
BRDA:73,22,1,0
BRDA:73,23,0,0
BRDA:73,23,1,0
BRDA:74,24,0,2
BRDA:74,24,1,0
BRDA:74,24,2,0
BRDA:77,25,0,4
BRDA:77,25,1,0
BRDA:77,26,0,4
BRDA:77,26,1,4
BRDA:102,27,0,1
BRDA:102,27,1,1
BRDA:113,28,0,1
BRDA:113,28,1,2
BRDA:119,29,0,1
BRDA:119,29,1,2
BRDA:126,30,0,1
BRDA:126,30,1,1
BRDA:140,31,0,0
BRDA:140,31,1,2
BRF:68
BRH:41
end_of_record
