TN:
SF:routes/users.js
FN:7,User
FN:16,<instance_members_initializer>
FN:19,getAll
FN:23,getById
FN:27,create
FN:33,update
FN:42,delete
FNF:7
FNH:7
FNDA:1,User
FNDA:1,<instance_members_initializer>
FNDA:1,getAll
FNDA:2,getById
FNDA:1,create
FNDA:1,update
FNDA:1,delete
DA:1,1
DA:2,1
DA:3,1
DA:4,1
DA:5,1
DA:6,1
DA:7,1
DA:8,1
DA:9,1
DA:10,1
DA:11,1
DA:12,1
DA:13,1
DA:14,1
DA:15,1
DA:16,1
DA:17,1
DA:18,1
DA:19,1
DA:20,1
DA:21,1
DA:22,1
DA:23,1
DA:24,2
DA:25,2
DA:26,1
DA:27,1
DA:28,1
DA:29,1
DA:30,1
DA:31,1
DA:32,1
DA:33,1
DA:34,1
DA:35,1
DA:36,1
DA:37,1
DA:38,1
DA:39,0
DA:40,0
DA:41,1
DA:42,1
DA:43,1
DA:44,1
DA:45,1
DA:46,1
DA:47,0
DA:48,0
DA:49,1
DA:50,1
DA:51,1
DA:52,1
DA:53,1
DA:54,1
DA:55,0
DA:56,0
DA:57,1
DA:58,1
DA:59,1
DA:60,1
DA:61,1
DA:62,1
DA:63,1
DA:64,1
DA:65,1
DA:66,1
DA:67,2
DA:68,2
DA:69,1
DA:70,1
DA:71,1
DA:72,1
DA:73,2
DA:74,1
DA:75,1
DA:76,1
DA:77,1
DA:78,1
DA:79,1
DA:80,1
DA:81,1
DA:82,1
DA:83,1
DA:84,1
DA:85,1
DA:86,1
DA:87,1
DA:88,1
DA:89,0
DA:90,0
DA:91,1
DA:92,1
DA:93,1
DA:94,1
DA:95,1
DA:96,1
DA:97,1
DA:98,1
DA:99,0
DA:100,0
DA:101,1
DA:102,1
DA:103,1
DA:104,1
DA:105,1
DA:106,1
LF:106
LH:96
BRDA:7,0,0,1
BRDA:16,1,0,1
BRDA:19,2,0,1
BRDA:23,3,0,2
BRDA:24,4,0,1
BRDA:27,5,0,1
BRDA:33,6,0,1
BRDA:38,7,0,0
BRDA:34,8,0,1
BRDA:42,9,0,1
BRDA:46,10,0,0
BRDA:43,11,0,1
BRDA:61,12,0,1
BRDA:66,13,0,2
BRDA:68,14,0,1
BRDA:76,15,0,1
BRDA:83,16,0,1
BRDA:88,17,0,0
BRDA:94,18,0,1
BRDA:98,19,0,0
BRF:20
BRH:16
end_of_record
