{"/home/nik/projects/webinar/node/2025-12/17-testing/nestjs/src/auth/auth.controller.ts": {"path":"/home/nik/projects/webinar/node/2025-12/17-testing/nestjs/src/auth/auth.controller.ts","statementMap":{"0":{"start":{"line":2,"column":4},"end":{"line":11,"column":5}},"1":{"start":{"line":3,"column":8},"end":{"line":8,"column":11}},"2":{"start":{"line":10,"column":8},"end":{"line":10,"column":25}},"3":{"start":{"line":12,"column":4},"end":{"line":12,"column":15}},"4":{"start":{"line":15,"column":12},"end":{"line":15,"column":28}},"5":{"start":{"line":15,"column":34},"end":{"line":15,"column":125}},"6":{"start":{"line":16,"column":4},"end":{"line":17,"column":148}},"7":{"start":{"line":16,"column":79},"end":{"line":16,"column":131}},"8":{"start":{"line":17,"column":9},"end":{"line":17,"column":148}},"9":{"start":{"line":17,"column":21},"end":{"line":17,"column":42}},"10":{"start":{"line":17,"column":56},"end":{"line":17,"column":148}},"11":{"start":{"line":17,"column":79},"end":{"line":17,"column":148}},"12":{"start":{"line":18,"column":4},"end":{"line":18,"column":66}},"13":{"start":{"line":21,"column":4},"end":{"line":21,"column":109}},"14":{"start":{"line":21,"column":79},"end":{"line":21,"column":109}},"15":{"start":{"line":24,"column":4},"end":{"line":26,"column":6}},"16":{"start":{"line":25,"column":8},"end":{"line":25,"column":43}},"17":{"start":{"line":33,"column":8},"end":{"line":33,"column":48}},"18":{"start":{"line":36,"column":8},"end":{"line":36,"column":54}},"19":{"start":{"line":37,"column":8},"end":{"line":37,"column":39}},"20":{"start":{"line":40,"column":0},"end":{"line":49,"column":44}},"21":{"start":{"line":50,"column":0},"end":{"line":56,"column":19}}},"fnMap":{"0":{"name":"_define_property","decl":{"start":{"line":1,"column":9},"end":{"line":1,"column":25}},"loc":{"start":{"line":1,"column":43},"end":{"line":13,"column":1}},"line":1},"1":{"name":"_ts_decorate","decl":{"start":{"line":14,"column":9},"end":{"line":14,"column":21}},"loc":{"start":{"line":14,"column":53},"end":{"line":19,"column":1}},"line":14},"2":{"name":"_ts_metadata","decl":{"start":{"line":20,"column":9},"end":{"line":20,"column":21}},"loc":{"start":{"line":20,"column":28},"end":{"line":22,"column":1}},"line":20},"3":{"name":"_ts_param","decl":{"start":{"line":23,"column":9},"end":{"line":23,"column":18}},"loc":{"start":{"line":23,"column":42},"end":{"line":27,"column":1}},"line":23},"4":{"name":"(anonymous_4)","decl":{"start":{"line":24,"column":11},"end":{"line":24,"column":12}},"loc":{"start":{"line":24,"column":33},"end":{"line":26,"column":5}},"line":24},"5":{"name":"(anonymous_5)","decl":{"start":{"line":32,"column":4},"end":{"line":32,"column":5}},"loc":{"start":{"line":32,"column":20},"end":{"line":34,"column":5}},"line":32},"6":{"name":"(anonymous_6)","decl":{"start":{"line":35,"column":4},"end":{"line":35,"column":5}},"loc":{"start":{"line":35,"column":28},"end":{"line":38,"column":5}},"line":35}},"branchMap":{"0":{"loc":{"start":{"line":2,"column":4},"end":{"line":11,"column":5}},"type":"if","locations":[{"start":{"line":2,"column":4},"end":{"line":11,"column":5}},{"start":{"line":9,"column":11},"end":{"line":11,"column":5}}],"line":2},"1":{"loc":{"start":{"line":15,"column":34},"end":{"line":15,"column":125}},"type":"cond-expr","locations":[{"start":{"line":15,"column":42},"end":{"line":15,"column":48}},{"start":{"line":15,"column":51},"end":{"line":15,"column":125}}],"line":15},"2":{"loc":{"start":{"line":15,"column":51},"end":{"line":15,"column":125}},"type":"cond-expr","locations":[{"start":{"line":15,"column":67},"end":{"line":15,"column":118}},{"start":{"line":15,"column":121},"end":{"line":15,"column":125}}],"line":15},"3":{"loc":{"start":{"line":16,"column":4},"end":{"line":17,"column":148}},"type":"if","locations":[{"start":{"line":16,"column":4},"end":{"line":17,"column":148}},{"start":{"line":17,"column":9},"end":{"line":17,"column":148}}],"line":16},"4":{"loc":{"start":{"line":16,"column":8},"end":{"line":16,"column":77}},"type":"binary-expr","locations":[{"start":{"line":16,"column":8},"end":{"line":16,"column":35}},{"start":{"line":16,"column":39},"end":{"line":16,"column":77}}],"line":16},"5":{"loc":{"start":{"line":17,"column":56},"end":{"line":17,"column":148}},"type":"if","locations":[{"start":{"line":17,"column":56},"end":{"line":17,"column":148}},{"start":{},"end":{}}],"line":17},"6":{"loc":{"start":{"line":17,"column":83},"end":{"line":17,"column":147}},"type":"binary-expr","locations":[{"start":{"line":17,"column":84},"end":{"line":17,"column":141}},{"start":{"line":17,"column":146},"end":{"line":17,"column":147}}],"line":17},"7":{"loc":{"start":{"line":17,"column":84},"end":{"line":17,"column":141}},"type":"cond-expr","locations":[{"start":{"line":17,"column":92},"end":{"line":17,"column":96}},{"start":{"line":17,"column":99},"end":{"line":17,"column":141}}],"line":17},"8":{"loc":{"start":{"line":17,"column":99},"end":{"line":17,"column":141}},"type":"cond-expr","locations":[{"start":{"line":17,"column":107},"end":{"line":17,"column":124}},{"start":{"line":17,"column":127},"end":{"line":17,"column":141}}],"line":17},"9":{"loc":{"start":{"line":18,"column":11},"end":{"line":18,"column":62}},"type":"binary-expr","locations":[{"start":{"line":18,"column":11},"end":{"line":18,"column":16}},{"start":{"line":18,"column":20},"end":{"line":18,"column":21}},{"start":{"line":18,"column":25},"end":{"line":18,"column":62}}],"line":18},"10":{"loc":{"start":{"line":21,"column":4},"end":{"line":21,"column":109}},"type":"if","locations":[{"start":{"line":21,"column":4},"end":{"line":21,"column":109}},{"start":{},"end":{}}],"line":21},"11":{"loc":{"start":{"line":21,"column":8},"end":{"line":21,"column":77}},"type":"binary-expr","locations":[{"start":{"line":21,"column":8},"end":{"line":21,"column":35}},{"start":{"line":21,"column":39},"end":{"line":21,"column":77}}],"line":21},"12":{"loc":{"start":{"line":46,"column":8},"end":{"line":46,"column":59}},"type":"cond-expr","locations":[{"start":{"line":46,"column":42},"end":{"line":46,"column":48}},{"start":{"line":46,"column":51},"end":{"line":46,"column":59}}],"line":46},"13":{"loc":{"start":{"line":54,"column":8},"end":{"line":54,"column":65}},"type":"cond-expr","locations":[{"start":{"line":54,"column":45},"end":{"line":54,"column":51}},{"start":{"line":54,"column":54},"end":{"line":54,"column":65}}],"line":54}},"s":{"0":0,"1":0,"2":0,"3":0,"4":0,"5":0,"6":0,"7":0,"8":0,"9":0,"10":0,"11":0,"12":0,"13":0,"14":0,"15":0,"16":0,"17":0,"18":0,"19":0,"20":0,"21":0},"f":{"0":0,"1":0,"2":0,"3":0,"4":0,"5":0,"6":0},"b":{"0":[0,0],"1":[0,0],"2":[0,0],"3":[0,0],"4":[0,0],"5":[0,0],"6":[0,0],"7":[0,0],"8":[0,0],"9":[0,0,0],"10":[0,0],"11":[0,0],"12":[0,0],"13":[0,0]},"inputSourceMap":{"0":"{","1":"\"","2":"v","3":"e","4":"r","5":"s","6":"i","7":"o","8":"n","9":"\"","10":":","11":"3","12":",","13":"\"","14":"s","15":"o","16":"u","17":"r","18":"c","19":"e","20":"s","21":"\"","22":":","23":"[","24":"\"","25":"/","26":"h","27":"o","28":"m","29":"e","30":"/","31":"n","32":"i","33":"k","34":"/","35":"p","36":"r","37":"o","38":"j","39":"e","40":"c","41":"t","42":"s","43":"/","44":"w","45":"e","46":"b","47":"i","48":"n","49":"a","50":"r","51":"/","52":"n","53":"o","54":"d","55":"e","56":"/","57":"2","58":"0","59":"2","60":"5","61":"-","62":"1","63":"2","64":"/","65":"1","66":"7","67":"-","68":"t","69":"e","70":"s","71":"t","72":"i","73":"n","74":"g","75":"/","76":"n","77":"e","78":"s","79":"t","80":"j","81":"s","82":"/","83":"s","84":"r","85":"c","86":"/","87":"a","88":"u","89":"t","90":"h","91":"/","92":"a","93":"u","94":"t","95":"h","96":".","97":"c","98":"o","99":"n","100":"t","101":"r","102":"o","103":"l","104":"l","105":"e","106":"r","107":".","108":"t","109":"s","110":"\"","111":"]","112":",","113":"\"","114":"s","115":"o","116":"u","117":"r","118":"c","119":"e","120":"s","121":"C","122":"o","123":"n","124":"t","125":"e","126":"n","127":"t","128":"\"","129":":","130":"[","131":"\"","132":"i","133":"m","134":"p","135":"o","136":"r","137":"t","138":" ","139":"{","140":" ","141":"B","142":"o","143":"d","144":"y","145":",","146":" ","147":"C","148":"o","149":"n","150":"t","151":"r","152":"o","153":"l","154":"l","155":"e","156":"r","157":",","158":" ","159":"H","160":"t","161":"t","162":"p","163":"C","164":"o","165":"d","166":"e","167":",","168":" ","169":"H","170":"t","171":"t","172":"p","173":"S","174":"t","175":"a","176":"t","177":"u","178":"s","179":",","180":" ","181":"P","182":"o","183":"s","184":"t","185":" ","186":"}","187":" ","188":"f","189":"r","190":"o","191":"m","192":" ","193":"'","194":"@","195":"n","196":"e","197":"s","198":"t","199":"j","200":"s","201":"/","202":"c","203":"o","204":"m","205":"m","206":"o","207":"n","208":"'","209":";","210":"\\","211":"n","212":"i","213":"m","214":"p","215":"o","216":"r","217":"t","218":" ","219":"{","220":" ","221":"A","222":"u","223":"t","224":"h","225":"S","226":"e","227":"r","228":"v","229":"i","230":"c","231":"e","232":" ","233":"}","234":" ","235":"f","236":"r","237":"o","238":"m","239":" ","240":"'","241":".","242":"/","243":"a","244":"u","245":"t","246":"h","247":".","248":"s","249":"e","250":"r","251":"v","252":"i","253":"c","254":"e","255":"'","256":";","257":"\\","258":"n","259":"i","260":"m","261":"p","262":"o","263":"r","264":"t","265":" ","266":"{","267":" ","268":"L","269":"o","270":"g","271":"i","272":"n","273":"D","274":"t","275":"o","276":" ","277":"}","278":" ","279":"f","280":"r","281":"o","282":"m","283":" ","284":"'","285":".","286":"/","287":"d","288":"t","289":"o","290":"/","291":"l","292":"o","293":"g","294":"i","295":"n","296":".","297":"d","298":"t","299":"o","300":"'","301":";","302":"\\","303":"n","304":"\\","305":"n","306":"@","307":"C","308":"o","309":"n","310":"t","311":"r","312":"o","313":"l","314":"l","315":"e","316":"r","317":"(","318":"'","319":"a","320":"u","321":"t","322":"h","323":"'","324":")","325":"\\","326":"n","327":"e","328":"x","329":"p","330":"o","331":"r","332":"t","333":" ","334":"c","335":"l","336":"a","337":"s","338":"s","339":" ","340":"A","341":"u","342":"t","343":"h","344":"C","345":"o","346":"n","347":"t","348":"r","349":"o","350":"l","351":"l","352":"e","353":"r","354":" ","355":"{","356":"\\","357":"n","358":" ","359":" ","360":"c","361":"o","362":"n","363":"s","364":"t","365":"r","366":"u","367":"c","368":"t","369":"o","370":"r","371":"(","372":"p","373":"r","374":"i","375":"v","376":"a","377":"t","378":"e","379":" ","380":"r","381":"e","382":"a","383":"d","384":"o","385":"n","386":"l","387":"y","388":" ","389":"a","390":"u","391":"t","392":"h","393":"S","394":"e","395":"r","396":"v","397":"i","398":"c","399":"e","400":":","401":" ","402":"A","403":"u","404":"t","405":"h","406":"S","407":"e","408":"r","409":"v","410":"i","411":"c","412":"e","413":")","414":" ","415":"{","416":"}","417":"\\","418":"n","419":"\\","420":"n","421":" ","422":" ","423":"@","424":"P","425":"o","426":"s","427":"t","428":"(","429":"'","430":"l","431":"o","432":"g","433":"i","434":"n","435":"'","436":")","437":"\\","438":"n","439":" ","440":" ","441":"@","442":"H","443":"t","444":"t","445":"p","446":"C","447":"o","448":"d","449":"e","450":"(","451":"H","452":"t","453":"t","454":"p","455":"S","456":"t","457":"a","458":"t","459":"u","460":"s","461":".","462":"O","463":"K","464":")","465":"\\","466":"n","467":" ","468":" ","469":"l","470":"o","471":"g","472":"i","473":"n","474":"(","475":"@","476":"B","477":"o","478":"d","479":"y","480":"(","481":")","482":" ","483":"l","484":"o","485":"g","486":"i","487":"n","488":"D","489":"t","490":"o","491":":","492":" ","493":"L","494":"o","495":"g","496":"i","497":"n","498":"D","499":"t","500":"o","501":")","502":" ","503":"{","504":"\\","505":"n","506":" ","507":" ","508":" ","509":" ","510":"r","511":"e","512":"t","513":"u","514":"r","515":"n","516":" ","517":"t","518":"h","519":"i","520":"s","521":".","522":"a","523":"u","524":"t","525":"h","526":"S","527":"e","528":"r","529":"v","530":"i","531":"c","532":"e","533":".","534":"l","535":"o","536":"g","537":"i","538":"n","539":"(","540":"l","541":"o","542":"g","543":"i","544":"n","545":"D","546":"t","547":"o","548":")","549":";","550":"\\","551":"n","552":" ","553":" ","554":"}","555":"\\","556":"n","557":"}","558":"\\","559":"n","560":"\"","561":"]","562":",","563":"\"","564":"n","565":"a","566":"m","567":"e","568":"s","569":"\"","570":":","571":"[","572":"\"","573":"B","574":"o","575":"d","576":"y","577":"\"","578":",","579":"\"","580":"C","581":"o","582":"n","583":"t","584":"r","585":"o","586":"l","587":"l","588":"e","589":"r","590":"\"","591":",","592":"\"","593":"H","594":"t","595":"t","596":"p","597":"C","598":"o","599":"d","600":"e","601":"\"","602":",","603":"\"","604":"H","605":"t","606":"t","607":"p","608":"S","609":"t","610":"a","611":"t","612":"u","613":"s","614":"\"","615":",","616":"\"","617":"P","618":"o","619":"s","620":"t","621":"\"","622":",","623":"\"","624":"A","625":"u","626":"t","627":"h","628":"S","629":"e","630":"r","631":"v","632":"i","633":"c","634":"e","635":"\"","636":",","637":"\"","638":"L","639":"o","640":"g","641":"i","642":"n","643":"D","644":"t","645":"o","646":"\"","647":",","648":"\"","649":"A","650":"u","651":"t","652":"h","653":"C","654":"o","655":"n","656":"t","657":"r","658":"o","659":"l","660":"l","661":"e","662":"r","663":"\"","664":",","665":"\"","666":"l","667":"o","668":"g","669":"i","670":"n","671":"\"","672":",","673":"\"","674":"l","675":"o","676":"g","677":"i","678":"n","679":"D","680":"t","681":"o","682":"\"","683":",","684":"\"","685":"a","686":"u","687":"t","688":"h","689":"S","690":"e","691":"r","692":"v","693":"i","694":"c","695":"e","696":"\"","697":",","698":"\"","699":"O","700":"K","701":"\"","702":"]","703":",","704":"\"","705":"m","706":"a","707":"p","708":"p","709":"i","710":"n","711":"g","712":"s","713":"\"","714":":","715":"\"","716":";","717":";","718":";","719":";","720":";","721":";","722":";","723":";","724":";","725":";","726":";","727":";","728":";","729":";","730":";","731":";","732":";","733":";","734":";","735":";","736":";","737":";","738":";","739":";","740":";","741":";","742":";","743":"A","744":"A","745":"A","746":"A","747":",","748":"S","749":"A","750":"A","751":"S","752":"A","753":",","754":"I","755":"A","756":"A","757":"I","758":",","759":"E","760":"A","761":"A","762":"E","763":"C","764":",","765":"U","766":"A","767":"A","768":"U","769":",","770":"E","771":"A","772":"A","773":"E","774":"C","775":",","776":"Q","777":"A","778":"A","779":"Q","780":",","781":"E","782":"A","783":"A","784":"E","785":"C","786":",","787":"U","788":"A","789":"A","790":"U","791":",","792":"E","793":"A","794":"A","795":"E","796":"C","797":",","798":"I","799":"A","800":"A","801":"I","802":",","803":"Q","804":"A","805":"A","806":"Q","807":",","808":"i","809":"B","810":"A","811":"A","812":"i","813":"B","814":";","815":"A","816":"A","817":"C","818":"9","819":"E","820":",","821":"S","822":"A","823":"A","824":"S","825":"C","826":",","827":"W","828":"A","829":"A","830":"W","831":",","832":"Q","833":"A","834":"A","835":"Q","836":",","837":"i","838":"B","839":"A","840":"A","841":"i","842":"B","843":";","844":"A","845":"A","846":"C","847":"7","848":"C","849":",","850":"S","851":"A","852":"A","853":"S","854":"C","855":",","856":"Q","857":"A","858":"A","859":"Q","860":",","861":"Q","862":"A","863":"A","864":"Q","865":",","866":"k","867":"B","868":"A","869":"A","870":"k","871":"B","872":";","873":"A","874":"A","875":"G","876":"3","877":"C","878":",","879":"O","880":"A","881":"A","882":"O","883":",","884":"M","885":"A","886":"A","887":"M","888":"C","889":";","890":"I","891":"A","892":"K","893":"X","894":"C","895":",","896":"M","897":"A","898":"A","899":"M","900":",","901":"A","902":"A","903":"A","904":"Q","905":"C","906":",","907":"Q","908":"A","909":"A","910":"k","911":"B","912":",","913":"E","914":"A","915":"A","916":"E","917":";","918":"Q","919":"A","920":"C","921":"h","922":"C","923":",","924":"O","925":"A","926":"A","927":"O","928":",","929":"I","930":"A","931":"A","932":"I","933":",","934":"C","935":"A","936":"A","937":"C","938":"C","939":",","940":"W","941":"A","942":"A","943":"W","944":",","945":"C","946":"A","947":"A","948":"C","949":"F","950":",","951":"K","952":"A","953":"A","954":"K","955":",","956":"C","957":"A","958":"A","959":"C","960":"C","961":";","962":"I","963":"A","964":"C","965":"h","966":"C","967":";","968":"I","969":"A","970":"N","971":"A","972":",","973":"Y","974":"A","975":"A","976":"Y","977":",","978":"A","979":"A","980":"A","981":"i","982":"B","983":"C","984":",","985":"W","986":"A","987":"A","988":"w","989":"B","990":",","991":"C","992":"A","993":"A","994":"E","995":";","996":";","997":"a","998":"A","999":"A","1000":"1","1001":"B","1002":"A","1003":",","1004":"c","1005":"A","1006":"A","1007":"A","1008":"A","1009":";","1010":"I","1011":"A","1012":"A","1013":"2","1014":"B","1015":";","1016":"A","1017":"A","1018":"O","1019":"1","1020":"D","1021":";","1022":";","1023":";","1024":"w","1025":"B","1026":"A","1027":"J","1028":"u","1029":"B","1030":"C","1031":"\"","1032":"}"}}
,"/home/nik/projects/webinar/node/2025-12/17-testing/nestjs/src/auth/auth.service.ts": {"path":"/home/nik/projects/webinar/node/2025-12/17-testing/nestjs/src/auth/auth.service.ts","statementMap":{"0":{"start":{"line":2,"column":0},"end":{"line":4,"column":3}},"1":{"start":{"line":5,"column":0},"end":{"line":10,"column":3}},"2":{"start":{"line":8,"column":8},"end":{"line":8,"column":27}},"3":{"start":{"line":11,"column":16},"end":{"line":11,"column":41}},"4":{"start":{"line":12,"column":16},"end":{"line":12,"column":41}},"5":{"start":{"line":13,"column":13},"end":{"line":13,"column":35}},"6":{"start":{"line":14,"column":30},"end":{"line":14,"column":74}},"7":{"start":{"line":15,"column":22},"end":{"line":15,"column":55}},"8":{"start":{"line":17,"column":4},"end":{"line":26,"column":5}},"9":{"start":{"line":18,"column":8},"end":{"line":23,"column":11}},"10":{"start":{"line":25,"column":8},"end":{"line":25,"column":25}},"11":{"start":{"line":27,"column":4},"end":{"line":27,"column":15}},"12":{"start":{"line":30,"column":4},"end":{"line":30,"column":51}},"13":{"start":{"line":30,"column":39},"end":{"line":30,"column":51}},"14":{"start":{"line":31,"column":28},"end":{"line":31,"column":41}},"15":{"start":{"line":32,"column":27},"end":{"line":32,"column":40}},"16":{"start":{"line":33,"column":4},"end":{"line":35,"column":20}},"17":{"start":{"line":34,"column":8},"end":{"line":34,"column":66}},"18":{"start":{"line":38,"column":4},"end":{"line":40,"column":5}},"19":{"start":{"line":39,"column":8},"end":{"line":39,"column":19}},"20":{"start":{"line":41,"column":4},"end":{"line":45,"column":5}},"21":{"start":{"line":42,"column":8},"end":{"line":44,"column":10}},"22":{"start":{"line":46,"column":16},"end":{"line":46,"column":53}},"23":{"start":{"line":47,"column":4},"end":{"line":49,"column":5}},"24":{"start":{"line":48,"column":8},"end":{"line":48,"column":30}},"25":{"start":{"line":50,"column":17},"end":{"line":52,"column":5}},"26":{"start":{"line":53,"column":32},"end":{"line":53,"column":88}},"27":{"start":{"line":54,"column":4},"end":{"line":63,"column":5}},"28":{"start":{"line":55,"column":8},"end":{"line":62,"column":9}},"29":{"start":{"line":56,"column":23},"end":{"line":56,"column":95}},"30":{"start":{"line":57,"column":12},"end":{"line":61,"column":13}},"31":{"start":{"line":58,"column":16},"end":{"line":58,"column":57}},"32":{"start":{"line":60,"column":16},"end":{"line":60,"column":39}},"33":{"start":{"line":64,"column":4},"end":{"line":64,"column":25}},"34":{"start":{"line":65,"column":4},"end":{"line":67,"column":5}},"35":{"start":{"line":66,"column":8},"end":{"line":66,"column":31}},"36":{"start":{"line":68,"column":4},"end":{"line":68,"column":18}},"37":{"start":{"line":71,"column":12},"end":{"line":71,"column":28}},"38":{"start":{"line":71,"column":34},"end":{"line":71,"column":125}},"39":{"start":{"line":72,"column":4},"end":{"line":73,"column":148}},"40":{"start":{"line":72,"column":79},"end":{"line":72,"column":131}},"41":{"start":{"line":73,"column":9},"end":{"line":73,"column":148}},"42":{"start":{"line":73,"column":21},"end":{"line":73,"column":42}},"43":{"start":{"line":73,"column":56},"end":{"line":73,"column":148}},"44":{"start":{"line":73,"column":79},"end":{"line":73,"column":148}},"45":{"start":{"line":74,"column":4},"end":{"line":74,"column":66}},"46":{"start":{"line":77,"column":4},"end":{"line":77,"column":109}},"47":{"start":{"line":77,"column":79},"end":{"line":77,"column":109}},"48":{"start":{"line":79,"column":18},"end":{"line":114,"column":1}},"49":{"start":{"line":81,"column":21},"end":{"line":81,"column":63}},"50":{"start":{"line":82,"column":8},"end":{"line":85,"column":9}},"51":{"start":{"line":83,"column":47},"end":{"line":83,"column":62}},"52":{"start":{"line":84,"column":12},"end":{"line":84,"column":26}},"53":{"start":{"line":86,"column":8},"end":{"line":86,"column":20}},"54":{"start":{"line":89,"column":21},"end":{"line":89,"column":79}},"55":{"start":{"line":90,"column":8},"end":{"line":92,"column":9}},"56":{"start":{"line":91,"column":12},"end":{"line":91,"column":75}},"57":{"start":{"line":93,"column":24},"end":{"line":96,"column":9}},"58":{"start":{"line":97,"column":8},"end":{"line":104,"column":10}},"59":{"start":{"line":107,"column":8},"end":{"line":107,"column":55}},"60":{"start":{"line":108,"column":8},"end":{"line":108,"column":53}},"61":{"start":{"line":109,"column":8},"end":{"line":109,"column":56}},"62":{"start":{"line":110,"column":8},"end":{"line":110,"column":41}},"63":{"start":{"line":111,"column":8},"end":{"line":111,"column":37}},"64":{"start":{"line":112,"column":8},"end":{"line":112,"column":43}},"65":{"start":{"line":115,"column":0},"end":{"line":123,"column":16}}},"fnMap":{"0":{"name":"(anonymous_0)","decl":{"start":{"line":7,"column":9},"end":{"line":7,"column":10}},"loc":{"start":{"line":7,"column":20},"end":{"line":9,"column":5}},"line":7},"1":{"name":"_define_property","decl":{"start":{"line":16,"column":9},"end":{"line":16,"column":25}},"loc":{"start":{"line":16,"column":43},"end":{"line":28,"column":1}},"line":16},"2":{"name":"_getRequireWildcardCache","decl":{"start":{"line":29,"column":9},"end":{"line":29,"column":33}},"loc":{"start":{"line":29,"column":47},"end":{"line":36,"column":1}},"line":29},"3":{"name":"(anonymous_3)","decl":{"start":{"line":33,"column":39},"end":{"line":33,"column":40}},"loc":{"start":{"line":33,"column":61},"end":{"line":35,"column":5}},"line":33},"4":{"name":"_interop_require_wildcard","decl":{"start":{"line":37,"column":9},"end":{"line":37,"column":34}},"loc":{"start":{"line":37,"column":53},"end":{"line":69,"column":1}},"line":37},"5":{"name":"_ts_decorate","decl":{"start":{"line":70,"column":9},"end":{"line":70,"column":21}},"loc":{"start":{"line":70,"column":53},"end":{"line":75,"column":1}},"line":70},"6":{"name":"_ts_metadata","decl":{"start":{"line":76,"column":9},"end":{"line":76,"column":21}},"loc":{"start":{"line":76,"column":28},"end":{"line":78,"column":1}},"line":76},"7":{"name":"(anonymous_7)","decl":{"start":{"line":80,"column":4},"end":{"line":80,"column":5}},"loc":{"start":{"line":80,"column":40},"end":{"line":87,"column":5}},"line":80},"8":{"name":"(anonymous_8)","decl":{"start":{"line":88,"column":4},"end":{"line":88,"column":5}},"loc":{"start":{"line":88,"column":26},"end":{"line":105,"column":5}},"line":88},"9":{"name":"(anonymous_9)","decl":{"start":{"line":106,"column":4},"end":{"line":106,"column":5}},"loc":{"start":{"line":106,"column":56},"end":{"line":113,"column":5}},"line":106}},"branchMap":{"0":{"loc":{"start":{"line":17,"column":4},"end":{"line":26,"column":5}},"type":"if","locations":[{"start":{"line":17,"column":4},"end":{"line":26,"column":5}},{"start":{"line":24,"column":11},"end":{"line":26,"column":5}}],"line":17},"1":{"loc":{"start":{"line":30,"column":4},"end":{"line":30,"column":51}},"type":"if","locations":[{"start":{"line":30,"column":4},"end":{"line":30,"column":51}},{"start":{},"end":{}}],"line":30},"2":{"loc":{"start":{"line":34,"column":15},"end":{"line":34,"column":65}},"type":"cond-expr","locations":[{"start":{"line":34,"column":29},"end":{"line":34,"column":45}},{"start":{"line":34,"column":48},"end":{"line":34,"column":65}}],"line":34},"3":{"loc":{"start":{"line":38,"column":4},"end":{"line":40,"column":5}},"type":"if","locations":[{"start":{"line":38,"column":4},"end":{"line":40,"column":5}},{"start":{},"end":{}}],"line":38},"4":{"loc":{"start":{"line":38,"column":8},"end":{"line":38,"column":45}},"type":"binary-expr","locations":[{"start":{"line":38,"column":8},"end":{"line":38,"column":20}},{"start":{"line":38,"column":24},"end":{"line":38,"column":27}},{"start":{"line":38,"column":31},"end":{"line":38,"column":45}}],"line":38},"5":{"loc":{"start":{"line":41,"column":4},"end":{"line":45,"column":5}},"type":"if","locations":[{"start":{"line":41,"column":4},"end":{"line":45,"column":5}},{"start":{},"end":{}}],"line":41},"6":{"loc":{"start":{"line":41,"column":8},"end":{"line":41,"column":76}},"type":"binary-expr","locations":[{"start":{"line":41,"column":8},"end":{"line":41,"column":20}},{"start":{"line":41,"column":24},"end":{"line":41,"column":47}},{"start":{"line":41,"column":51},"end":{"line":41,"column":76}}],"line":41},"7":{"loc":{"start":{"line":47,"column":4},"end":{"line":49,"column":5}},"type":"if","locations":[{"start":{"line":47,"column":4},"end":{"line":49,"column":5}},{"start":{},"end":{}}],"line":47},"8":{"loc":{"start":{"line":47,"column":8},"end":{"line":47,"column":31}},"type":"binary-expr","locations":[{"start":{"line":47,"column":8},"end":{"line":47,"column":13}},{"start":{"line":47,"column":17},"end":{"line":47,"column":31}}],"line":47},"9":{"loc":{"start":{"line":53,"column":32},"end":{"line":53,"column":88}},"type":"binary-expr","locations":[{"start":{"line":53,"column":32},"end":{"line":53,"column":53}},{"start":{"line":53,"column":57},"end":{"line":53,"column":88}}],"line":53},"10":{"loc":{"start":{"line":55,"column":8},"end":{"line":62,"column":9}},"type":"if","locations":[{"start":{"line":55,"column":8},"end":{"line":62,"column":9}},{"start":{},"end":{}}],"line":55},"11":{"loc":{"start":{"line":55,"column":12},"end":{"line":55,"column":79}},"type":"binary-expr","locations":[{"start":{"line":55,"column":12},"end":{"line":55,"column":29}},{"start":{"line":55,"column":33},"end":{"line":55,"column":79}}],"line":55},"12":{"loc":{"start":{"line":56,"column":23},"end":{"line":56,"column":95}},"type":"cond-expr","locations":[{"start":{"line":56,"column":47},"end":{"line":56,"column":88}},{"start":{"line":56,"column":91},"end":{"line":56,"column":95}}],"line":56},"13":{"loc":{"start":{"line":57,"column":12},"end":{"line":61,"column":13}},"type":"if","locations":[{"start":{"line":57,"column":12},"end":{"line":61,"column":13}},{"start":{"line":59,"column":19},"end":{"line":61,"column":13}}],"line":57},"14":{"loc":{"start":{"line":57,"column":16},"end":{"line":57,"column":46}},"type":"binary-expr","locations":[{"start":{"line":57,"column":16},"end":{"line":57,"column":20}},{"start":{"line":57,"column":25},"end":{"line":57,"column":33}},{"start":{"line":57,"column":37},"end":{"line":57,"column":45}}],"line":57},"15":{"loc":{"start":{"line":65,"column":4},"end":{"line":67,"column":5}},"type":"if","locations":[{"start":{"line":65,"column":4},"end":{"line":67,"column":5}},{"start":{},"end":{}}],"line":65},"16":{"loc":{"start":{"line":71,"column":34},"end":{"line":71,"column":125}},"type":"cond-expr","locations":[{"start":{"line":71,"column":42},"end":{"line":71,"column":48}},{"start":{"line":71,"column":51},"end":{"line":71,"column":125}}],"line":71},"17":{"loc":{"start":{"line":71,"column":51},"end":{"line":71,"column":125}},"type":"cond-expr","locations":[{"start":{"line":71,"column":67},"end":{"line":71,"column":118}},{"start":{"line":71,"column":121},"end":{"line":71,"column":125}}],"line":71},"18":{"loc":{"start":{"line":72,"column":4},"end":{"line":73,"column":148}},"type":"if","locations":[{"start":{"line":72,"column":4},"end":{"line":73,"column":148}},{"start":{"line":73,"column":9},"end":{"line":73,"column":148}}],"line":72},"19":{"loc":{"start":{"line":72,"column":8},"end":{"line":72,"column":77}},"type":"binary-expr","locations":[{"start":{"line":72,"column":8},"end":{"line":72,"column":35}},{"start":{"line":72,"column":39},"end":{"line":72,"column":77}}],"line":72},"20":{"loc":{"start":{"line":73,"column":56},"end":{"line":73,"column":148}},"type":"if","locations":[{"start":{"line":73,"column":56},"end":{"line":73,"column":148}},{"start":{},"end":{}}],"line":73},"21":{"loc":{"start":{"line":73,"column":83},"end":{"line":73,"column":147}},"type":"binary-expr","locations":[{"start":{"line":73,"column":84},"end":{"line":73,"column":141}},{"start":{"line":73,"column":146},"end":{"line":73,"column":147}}],"line":73},"22":{"loc":{"start":{"line":73,"column":84},"end":{"line":73,"column":141}},"type":"cond-expr","locations":[{"start":{"line":73,"column":92},"end":{"line":73,"column":96}},{"start":{"line":73,"column":99},"end":{"line":73,"column":141}}],"line":73},"23":{"loc":{"start":{"line":73,"column":99},"end":{"line":73,"column":141}},"type":"cond-expr","locations":[{"start":{"line":73,"column":107},"end":{"line":73,"column":124}},{"start":{"line":73,"column":127},"end":{"line":73,"column":141}}],"line":73},"24":{"loc":{"start":{"line":74,"column":11},"end":{"line":74,"column":62}},"type":"binary-expr","locations":[{"start":{"line":74,"column":11},"end":{"line":74,"column":16}},{"start":{"line":74,"column":20},"end":{"line":74,"column":21}},{"start":{"line":74,"column":25},"end":{"line":74,"column":62}}],"line":74},"25":{"loc":{"start":{"line":77,"column":4},"end":{"line":77,"column":109}},"type":"if","locations":[{"start":{"line":77,"column":4},"end":{"line":77,"column":109}},{"start":{},"end":{}}],"line":77},"26":{"loc":{"start":{"line":77,"column":8},"end":{"line":77,"column":77}},"type":"binary-expr","locations":[{"start":{"line":77,"column":8},"end":{"line":77,"column":35}},{"start":{"line":77,"column":39},"end":{"line":77,"column":77}}],"line":77},"27":{"loc":{"start":{"line":82,"column":8},"end":{"line":85,"column":9}},"type":"if","locations":[{"start":{"line":82,"column":8},"end":{"line":85,"column":9}},{"start":{},"end":{}}],"line":82},"28":{"loc":{"start":{"line":82,"column":12},"end":{"line":82,"column":66}},"type":"binary-expr","locations":[{"start":{"line":82,"column":12},"end":{"line":82,"column":16}},{"start":{"line":82,"column":20},"end":{"line":82,"column":66}}],"line":82},"29":{"loc":{"start":{"line":90,"column":8},"end":{"line":92,"column":9}},"type":"if","locations":[{"start":{"line":90,"column":8},"end":{"line":92,"column":9}},{"start":{},"end":{}}],"line":90},"30":{"loc":{"start":{"line":119,"column":8},"end":{"line":119,"column":95}},"type":"cond-expr","locations":[{"start":{"line":119,"column":60},"end":{"line":119,"column":66}},{"start":{"line":119,"column":69},"end":{"line":119,"column":95}}],"line":119},"31":{"loc":{"start":{"line":120,"column":8},"end":{"line":120,"column":73}},"type":"cond-expr","locations":[{"start":{"line":120,"column":49},"end":{"line":120,"column":55}},{"start":{"line":120,"column":58},"end":{"line":120,"column":73}}],"line":120},"32":{"loc":{"start":{"line":121,"column":8},"end":{"line":121,"column":85}},"type":"cond-expr","locations":[{"start":{"line":121,"column":55},"end":{"line":121,"column":61}},{"start":{"line":121,"column":64},"end":{"line":121,"column":85}}],"line":121}},"s":{"0":1,"1":1,"2":12,"3":1,"4":1,"5":1,"6":1,"7":1,"8":18,"9":0,"10":18,"11":18,"12":1,"13":0,"14":1,"15":1,"16":1,"17":1,"18":1,"19":0,"20":1,"21":0,"22":1,"23":1,"24":0,"25":1,"26":1,"27":1,"28":7,"29":7,"30":7,"31":0,"32":7,"33":1,"34":1,"35":1,"36":1,"37":1,"38":1,"39":1,"40":1,"41":0,"42":0,"43":0,"44":0,"45":1,"46":2,"47":2,"48":1,"49":5,"50":5,"51":0,"52":0,"53":5,"54":2,"55":2,"56":2,"57":0,"58":0,"59":6,"60":6,"61":6,"62":6,"63":6,"64":6,"65":1},"f":{"0":12,"1":18,"2":1,"3":1,"4":1,"5":1,"6":2,"7":5,"8":2,"9":6},"b":{"0":[0,18],"1":[0,1],"2":[0,1],"3":[0,1],"4":[1,1,1],"5":[0,1],"6":[1,1,0],"7":[0,1],"8":[1,1],"9":[1,1],"10":[7,0],"11":[7,7],"12":[7,0],"13":[0,7],"14":[7,7,7],"15":[1,0],"16":[1,0],"17":[0,0],"18":[1,0],"19":[1,1],"20":[0,0],"21":[0,0],"22":[0,0],"23":[0,0],"24":[1,0,0],"25":[2,0],"26":[2,2],"27":[0,5],"28":[5,4],"29":[2,0],"30":[0,1],"31":[0,1],"32":[0,1]},"inputSourceMap":{"0":"{","1":"\"","2":"v","3":"e","4":"r","5":"s","6":"i","7":"o","8":"n","9":"\"","10":":","11":"3","12":",","13":"\"","14":"s","15":"o","16":"u","17":"r","18":"c","19":"e","20":"s","21":"\"","22":":","23":"[","24":"\"","25":"/","26":"h","27":"o","28":"m","29":"e","30":"/","31":"n","32":"i","33":"k","34":"/","35":"p","36":"r","37":"o","38":"j","39":"e","40":"c","41":"t","42":"s","43":"/","44":"w","45":"e","46":"b","47":"i","48":"n","49":"a","50":"r","51":"/","52":"n","53":"o","54":"d","55":"e","56":"/","57":"2","58":"0","59":"2","60":"5","61":"-","62":"1","63":"2","64":"/","65":"1","66":"7","67":"-","68":"t","69":"e","70":"s","71":"t","72":"i","73":"n","74":"g","75":"/","76":"n","77":"e","78":"s","79":"t","80":"j","81":"s","82":"/","83":"s","84":"r","85":"c","86":"/","87":"a","88":"u","89":"t","90":"h","91":"/","92":"a","93":"u","94":"t","95":"h","96":".","97":"s","98":"e","99":"r","100":"v","101":"i","102":"c","103":"e","104":".","105":"t","106":"s","107":"\"","108":"]","109":",","110":"\"","111":"s","112":"o","113":"u","114":"r","115":"c","116":"e","117":"s","118":"C","119":"o","120":"n","121":"t","122":"e","123":"n","124":"t","125":"\"","126":":","127":"[","128":"\"","129":"i","130":"m","131":"p","132":"o","133":"r","134":"t","135":" ","136":"{","137":" ","138":"I","139":"n","140":"j","141":"e","142":"c","143":"t","144":"a","145":"b","146":"l","147":"e","148":",","149":" ","150":"U","151":"n","152":"a","153":"u","154":"t","155":"h","156":"o","157":"r","158":"i","159":"z","160":"e","161":"d","162":"E","163":"x","164":"c","165":"e","166":"p","167":"t","168":"i","169":"o","170":"n","171":" ","172":"}","173":" ","174":"f","175":"r","176":"o","177":"m","178":" ","179":"'","180":"@","181":"n","182":"e","183":"s","184":"t","185":"j","186":"s","187":"/","188":"c","189":"o","190":"m","191":"m","192":"o","193":"n","194":"'","195":";","196":"\\","197":"n","198":"i","199":"m","200":"p","201":"o","202":"r","203":"t","204":" ","205":"{","206":" ","207":"C","208":"o","209":"n","210":"f","211":"i","212":"g","213":"S","214":"e","215":"r","216":"v","217":"i","218":"c","219":"e","220":" ","221":"}","222":" ","223":"f","224":"r","225":"o","226":"m","227":" ","228":"'","229":"@","230":"n","231":"e","232":"s","233":"t","234":"j","235":"s","236":"/","237":"c","238":"o","239":"n","240":"f","241":"i","242":"g","243":"'","244":";","245":"\\","246":"n","247":"i","248":"m","249":"p","250":"o","251":"r","252":"t","253":" ","254":"{","255":" ","256":"J","257":"w","258":"t","259":"S","260":"e","261":"r","262":"v","263":"i","264":"c","265":"e","266":" ","267":"}","268":" ","269":"f","270":"r","271":"o","272":"m","273":" ","274":"'","275":"@","276":"n","277":"e","278":"s","279":"t","280":"j","281":"s","282":"/","283":"j","284":"w","285":"t","286":"'","287":";","288":"\\","289":"n","290":"i","291":"m","292":"p","293":"o","294":"r","295":"t","296":" ","297":"*","298":" ","299":"a","300":"s","301":" ","302":"b","303":"c","304":"r","305":"y","306":"p","307":"t","308":" ","309":"f","310":"r","311":"o","312":"m","313":" ","314":"'","315":"b","316":"c","317":"r","318":"y","319":"p","320":"t","321":"'","322":";","323":"\\","324":"n","325":"i","326":"m","327":"p","328":"o","329":"r","330":"t","331":" ","332":"{","333":" ","334":"U","335":"s","336":"e","337":"r","338":"s","339":"S","340":"e","341":"r","342":"v","343":"i","344":"c","345":"e","346":" ","347":"}","348":" ","349":"f","350":"r","351":"o","352":"m","353":" ","354":"'","355":".","356":".","357":"/","358":"u","359":"s","360":"e","361":"r","362":"s","363":"/","364":"u","365":"s","366":"e","367":"r","368":"s","369":".","370":"s","371":"e","372":"r","373":"v","374":"i","375":"c","376":"e","377":"'","378":";","379":"\\","380":"n","381":"i","382":"m","383":"p","384":"o","385":"r","386":"t","387":" ","388":"{","389":" ","390":"L","391":"o","392":"g","393":"i","394":"n","395":"D","396":"t","397":"o","398":" ","399":"}","400":" ","401":"f","402":"r","403":"o","404":"m","405":" ","406":"'","407":".","408":"/","409":"d","410":"t","411":"o","412":"/","413":"l","414":"o","415":"g","416":"i","417":"n","418":".","419":"d","420":"t","421":"o","422":"'","423":";","424":"\\","425":"n","426":"\\","427":"n","428":"@","429":"I","430":"n","431":"j","432":"e","433":"c","434":"t","435":"a","436":"b","437":"l","438":"e","439":"(","440":")","441":"\\","442":"n","443":"e","444":"x","445":"p","446":"o","447":"r","448":"t","449":" ","450":"c","451":"l","452":"a","453":"s","454":"s","455":" ","456":"A","457":"u","458":"t","459":"h","460":"S","461":"e","462":"r","463":"v","464":"i","465":"c","466":"e","467":" ","468":"{","469":"\\","470":"n","471":" ","472":" ","473":"c","474":"o","475":"n","476":"s","477":"t","478":"r","479":"u","480":"c","481":"t","482":"o","483":"r","484":"(","485":"\\","486":"n","487":" ","488":" ","489":" ","490":" ","491":"p","492":"r","493":"i","494":"v","495":"a","496":"t","497":"e","498":" ","499":"u","500":"s","501":"e","502":"r","503":"s","504":"S","505":"e","506":"r","507":"v","508":"i","509":"c","510":"e","511":":","512":" ","513":"U","514":"s","515":"e","516":"r","517":"s","518":"S","519":"e","520":"r","521":"v","522":"i","523":"c","524":"e","525":",","526":"\\","527":"n","528":" ","529":" ","530":" ","531":" ","532":"p","533":"r","534":"i","535":"v","536":"a","537":"t","538":"e","539":" ","540":"j","541":"w","542":"t","543":"S","544":"e","545":"r","546":"v","547":"i","548":"c","549":"e","550":":","551":" ","552":"J","553":"w","554":"t","555":"S","556":"e","557":"r","558":"v","559":"i","560":"c","561":"e","562":",","563":"\\","564":"n","565":" ","566":" ","567":" ","568":" ","569":"p","570":"r","571":"i","572":"v","573":"a","574":"t","575":"e","576":" ","577":"c","578":"o","579":"n","580":"f","581":"i","582":"g","583":"S","584":"e","585":"r","586":"v","587":"i","588":"c","589":"e","590":":","591":" ","592":"C","593":"o","594":"n","595":"f","596":"i","597":"g","598":"S","599":"e","600":"r","601":"v","602":"i","603":"c","604":"e","605":",","606":"\\","607":"n","608":" ","609":" ","610":")","611":" ","612":"{","613":"}","614":"\\","615":"n","616":"\\","617":"n","618":" ","619":" ","620":"a","621":"s","622":"y","623":"n","624":"c","625":" ","626":"v","627":"a","628":"l","629":"i","630":"d","631":"a","632":"t","633":"e","634":"U","635":"s","636":"e","637":"r","638":"(","639":"e","640":"m","641":"a","642":"i","643":"l","644":":","645":" ","646":"s","647":"t","648":"r","649":"i","650":"n","651":"g","652":",","653":" ","654":"p","655":"a","656":"s","657":"s","658":"w","659":"o","660":"r","661":"d","662":":","663":" ","664":"s","665":"t","666":"r","667":"i","668":"n","669":"g","670":")","671":":","672":" ","673":"P","674":"r","675":"o","676":"m","677":"i","678":"s","679":"e","680":"<","681":"a","682":"n","683":"y","684":">","685":" ","686":"{","687":"\\","688":"n","689":" ","690":" ","691":" ","692":" ","693":"c","694":"o","695":"n","696":"s","697":"t","698":" ","699":"u","700":"s","701":"e","702":"r","703":" ","704":"=","705":" ","706":"a","707":"w","708":"a","709":"i","710":"t","711":" ","712":"t","713":"h","714":"i","715":"s","716":".","717":"u","718":"s","719":"e","720":"r","721":"s","722":"S","723":"e","724":"r","725":"v","726":"i","727":"c","728":"e","729":".","730":"f","731":"i","732":"n","733":"d","734":"B","735":"y","736":"E","737":"m","738":"a","739":"i","740":"l","741":"(","742":"e","743":"m","744":"a","745":"i","746":"l","747":")","748":";","749":"\\","750":"n","751":" ","752":" ","753":" ","754":" ","755":"i","756":"f","757":" ","758":"(","759":"u","760":"s","761":"e","762":"r","763":" ","764":"&","765":"&","766":" ","767":"(","768":"a","769":"w","770":"a","771":"i","772":"t","773":" ","774":"b","775":"c","776":"r","777":"y","778":"p","779":"t","780":".","781":"c","782":"o","783":"m","784":"p","785":"a","786":"r","787":"e","788":"(","789":"p","790":"a","791":"s","792":"s","793":"w","794":"o","795":"r","796":"d","797":",","798":" ","799":"u","800":"s","801":"e","802":"r","803":".","804":"p","805":"a","806":"s","807":"s","808":"w","809":"o","810":"r","811":"d","812":")","813":")","814":")","815":" ","816":"{","817":"\\","818":"n","819":" ","820":" ","821":" ","822":" ","823":" ","824":" ","825":"c","826":"o","827":"n","828":"s","829":"t","830":" ","831":"{","832":" ","833":"p","834":"a","835":"s","836":"s","837":"w","838":"o","839":"r","840":"d","841":":","842":" ","843":"_","844":",","845":" ","846":".","847":".","848":".","849":"r","850":"e","851":"s","852":"u","853":"l","854":"t","855":" ","856":"}","857":" ","858":"=","859":" ","860":"u","861":"s","862":"e","863":"r","864":".","865":"t","866":"o","867":"O","868":"b","869":"j","870":"e","871":"c","872":"t","873":"(","874":")","875":";","876":"\\","877":"n","878":" ","879":" ","880":" ","881":" ","882":" ","883":" ","884":"r","885":"e","886":"t","887":"u","888":"r","889":"n","890":" ","891":"r","892":"e","893":"s","894":"u","895":"l","896":"t","897":";","898":"\\","899":"n","900":" ","901":" ","902":" ","903":" ","904":"}","905":"\\","906":"n","907":" ","908":" ","909":" ","910":" ","911":"r","912":"e","913":"t","914":"u","915":"r","916":"n","917":" ","918":"n","919":"u","920":"l","921":"l","922":";","923":"\\","924":"n","925":" ","926":" ","927":"}","928":"\\","929":"n","930":"\\","931":"n","932":" ","933":" ","934":"a","935":"s","936":"y","937":"n","938":"c","939":" ","940":"l","941":"o","942":"g","943":"i","944":"n","945":"(","946":"l","947":"o","948":"g","949":"i","950":"n","951":"D","952":"t","953":"o","954":":","955":" ","956":"L","957":"o","958":"g","959":"i","960":"n","961":"D","962":"t","963":"o","964":")","965":" ","966":"{","967":"\\","968":"n","969":" ","970":" ","971":" ","972":" ","973":"c","974":"o","975":"n","976":"s","977":"t","978":" ","979":"u","980":"s","981":"e","982":"r","983":" ","984":"=","985":" ","986":"a","987":"w","988":"a","989":"i","990":"t","991":" ","992":"t","993":"h","994":"i","995":"s","996":".","997":"v","998":"a","999":"l","1000":"i","1001":"d","1002":"a","1003":"t","1004":"e","1005":"U","1006":"s","1007":"e","1008":"r","1009":"(","1010":"l","1011":"o","1012":"g","1013":"i","1014":"n","1015":"D","1016":"t","1017":"o","1018":".","1019":"e","1020":"m","1021":"a","1022":"i","1023":"l","1024":",","1025":" ","1026":"l","1027":"o","1028":"g","1029":"i","1030":"n","1031":"D","1032":"t","1033":"o","1034":".","1035":"p","1036":"a","1037":"s","1038":"s","1039":"w","1040":"o","1041":"r","1042":"d","1043":")","1044":";","1045":"\\","1046":"n","1047":" ","1048":" ","1049":" ","1050":" ","1051":"i","1052":"f","1053":" ","1054":"(","1055":"!","1056":"u","1057":"s","1058":"e","1059":"r","1060":")","1061":" ","1062":"{","1063":"\\","1064":"n","1065":" ","1066":" ","1067":" ","1068":" ","1069":" ","1070":" ","1071":"t","1072":"h","1073":"r","1074":"o","1075":"w","1076":" ","1077":"n","1078":"e","1079":"w","1080":" ","1081":"U","1082":"n","1083":"a","1084":"u","1085":"t","1086":"h","1087":"o","1088":"r","1089":"i","1090":"z","1091":"e","1092":"d","1093":"E","1094":"x","1095":"c","1096":"e","1097":"p","1098":"t","1099":"i","1100":"o","1101":"n","1102":"(","1103":"'","1104":"I","1105":"n","1106":"v","1107":"a","1108":"l","1109":"i","1110":"d","1111":" ","1112":"c","1113":"r","1114":"e","1115":"d","1116":"e","1117":"n","1118":"t","1119":"i","1120":"a","1121":"l","1122":"s","1123":"'","1124":")","1125":";","1126":"\\","1127":"n","1128":" ","1129":" ","1130":" ","1131":" ","1132":"}","1133":"\\","1134":"n","1135":" ","1136":" ","1137":" ","1138":" ","1139":"c","1140":"o","1141":"n","1142":"s","1143":"t","1144":" ","1145":"p","1146":"a","1147":"y","1148":"l","1149":"o","1150":"a","1151":"d","1152":" ","1153":"=","1154":" ","1155":"{","1156":" ","1157":"e","1158":"m","1159":"a","1160":"i","1161":"l","1162":":","1163":" ","1164":"u","1165":"s","1166":"e","1167":"r","1168":".","1169":"e","1170":"m","1171":"a","1172":"i","1173":"l","1174":",","1175":" ","1176":"s","1177":"u","1178":"b","1179":":","1180":" ","1181":"u","1182":"s","1183":"e","1184":"r","1185":".","1186":"_","1187":"i","1188":"d","1189":" ","1190":"}","1191":";","1192":"\\","1193":"n","1194":" ","1195":" ","1196":" ","1197":" ","1198":"r","1199":"e","1200":"t","1201":"u","1202":"r","1203":"n","1204":" ","1205":"{","1206":"\\","1207":"n","1208":" ","1209":" ","1210":" ","1211":" ","1212":" ","1213":" ","1214":"a","1215":"c","1216":"c","1217":"e","1218":"s","1219":"s","1220":"_","1221":"t","1222":"o","1223":"k","1224":"e","1225":"n","1226":":","1227":" ","1228":"t","1229":"h","1230":"i","1231":"s","1232":".","1233":"j","1234":"w","1235":"t","1236":"S","1237":"e","1238":"r","1239":"v","1240":"i","1241":"c","1242":"e","1243":".","1244":"s","1245":"i","1246":"g","1247":"n","1248":"(","1249":"p","1250":"a","1251":"y","1252":"l","1253":"o","1254":"a","1255":"d","1256":")","1257":",","1258":"\\","1259":"n","1260":" ","1261":" ","1262":" ","1263":" ","1264":" ","1265":" ","1266":"u","1267":"s","1268":"e","1269":"r","1270":":","1271":" ","1272":"{","1273":"\\","1274":"n","1275":" ","1276":" ","1277":" ","1278":" ","1279":" ","1280":" ","1281":" ","1282":" ","1283":"i","1284":"d","1285":":","1286":" ","1287":"u","1288":"s","1289":"e","1290":"r","1291":".","1292":"_","1293":"i","1294":"d","1295":",","1296":"\\","1297":"n","1298":" ","1299":" ","1300":" ","1301":" ","1302":" ","1303":" ","1304":" ","1305":" ","1306":"e","1307":"m","1308":"a","1309":"i","1310":"l","1311":":","1312":" ","1313":"u","1314":"s","1315":"e","1316":"r","1317":".","1318":"e","1319":"m","1320":"a","1321":"i","1322":"l","1323":",","1324":"\\","1325":"n","1326":" ","1327":" ","1328":" ","1329":" ","1330":" ","1331":" ","1332":" ","1333":" ","1334":"n","1335":"a","1336":"m","1337":"e","1338":":","1339":" ","1340":"u","1341":"s","1342":"e","1343":"r","1344":".","1345":"n","1346":"a","1347":"m","1348":"e","1349":",","1350":"\\","1351":"n","1352":" ","1353":" ","1354":" ","1355":" ","1356":" ","1357":" ","1358":"}","1359":",","1360":"\\","1361":"n","1362":" ","1363":" ","1364":" ","1365":" ","1366":"}","1367":";","1368":"\\","1369":"n","1370":" ","1371":" ","1372":"}","1373":"\\","1374":"n","1375":"}","1376":"\\","1377":"n","1378":"\"","1379":"]","1380":",","1381":"\"","1382":"n","1383":"a","1384":"m","1385":"e","1386":"s","1387":"\"","1388":":","1389":"[","1390":"\"","1391":"A","1392":"u","1393":"t","1394":"h","1395":"S","1396":"e","1397":"r","1398":"v","1399":"i","1400":"c","1401":"e","1402":"\"","1403":",","1404":"\"","1405":"v","1406":"a","1407":"l","1408":"i","1409":"d","1410":"a","1411":"t","1412":"e","1413":"U","1414":"s","1415":"e","1416":"r","1417":"\"","1418":",","1419":"\"","1420":"e","1421":"m","1422":"a","1423":"i","1424":"l","1425":"\"","1426":",","1427":"\"","1428":"p","1429":"a","1430":"s","1431":"s","1432":"w","1433":"o","1434":"r","1435":"d","1436":"\"","1437":",","1438":"\"","1439":"u","1440":"s","1441":"e","1442":"r","1443":"\"","1444":",","1445":"\"","1446":"u","1447":"s","1448":"e","1449":"r","1450":"s","1451":"S","1452":"e","1453":"r","1454":"v","1455":"i","1456":"c","1457":"e","1458":"\"","1459":",","1460":"\"","1461":"f","1462":"i","1463":"n","1464":"d","1465":"B","1466":"y","1467":"E","1468":"m","1469":"a","1470":"i","1471":"l","1472":"\"","1473":",","1474":"\"","1475":"b","1476":"c","1477":"r","1478":"y","1479":"p","1480":"t","1481":"\"","1482":",","1483":"\"","1484":"c","1485":"o","1486":"m","1487":"p","1488":"a","1489":"r","1490":"e","1491":"\"","1492":",","1493":"\"","1494":"_","1495":"\"","1496":",","1497":"\"","1498":"r","1499":"e","1500":"s","1501":"u","1502":"l","1503":"t","1504":"\"","1505":",","1506":"\"","1507":"t","1508":"o","1509":"O","1510":"b","1511":"j","1512":"e","1513":"c","1514":"t","1515":"\"","1516":",","1517":"\"","1518":"l","1519":"o","1520":"g","1521":"i","1522":"n","1523":"\"","1524":",","1525":"\"","1526":"l","1527":"o","1528":"g","1529":"i","1530":"n","1531":"D","1532":"t","1533":"o","1534":"\"","1535":",","1536":"\"","1537":"U","1538":"n","1539":"a","1540":"u","1541":"t","1542":"h","1543":"o","1544":"r","1545":"i","1546":"z","1547":"e","1548":"d","1549":"E","1550":"x","1551":"c","1552":"e","1553":"p","1554":"t","1555":"i","1556":"o","1557":"n","1558":"\"","1559":",","1560":"\"","1561":"p","1562":"a","1563":"y","1564":"l","1565":"o","1566":"a","1567":"d","1568":"\"","1569":",","1570":"\"","1571":"s","1572":"u","1573":"b","1574":"\"","1575":",","1576":"\"","1577":"_","1578":"i","1579":"d","1580":"\"","1581":",","1582":"\"","1583":"a","1584":"c","1585":"c","1586":"e","1587":"s","1588":"s","1589":"_","1590":"t","1591":"o","1592":"k","1593":"e","1594":"n","1595":"\"","1596":",","1597":"\"","1598":"j","1599":"w","1600":"t","1601":"S","1602":"e","1603":"r","1604":"v","1605":"i","1606":"c","1607":"e","1608":"\"","1609":",","1610":"\"","1611":"s","1612":"i","1613":"g","1614":"n","1615":"\"","1616":",","1617":"\"","1618":"i","1619":"d","1620":"\"","1621":",","1622":"\"","1623":"n","1624":"a","1625":"m","1626":"e","1627":"\"","1628":",","1629":"\"","1630":"c","1631":"o","1632":"n","1633":"f","1634":"i","1635":"g","1636":"S","1637":"e","1638":"r","1639":"v","1640":"i","1641":"c","1642":"e","1643":"\"","1644":"]","1645":",","1646":"\"","1647":"m","1648":"a","1649":"p","1650":"p","1651":"i","1652":"n","1653":"g","1654":"s","1655":"\"","1656":":","1657":"\"","1658":";","1659":";","1660":";","1661":";","1662":"+","1663":"B","1664":"A","1665":"Q","1666":"a","1667":"A","1668":";","1669":";","1670":";","1671":"e","1672":"A","1673":"A","1674":"A","1675":"A","1676":";","1677":";","1678":";","1679":"w","1680":"B","1681":"A","1682":"R","1683":"q","1684":"C","1685":";","1686":"w","1687":"B","1688":"A","1689":"C","1690":"p","1691":"B","1692":";","1693":"q","1694":"B","1695":"A","1696":"C","1697":"H","1698":";","1699":"g","1700":"E","1701":"A","1702":"C","1703":"H","1704":";","1705":"8","1706":"B","1707":"A","1708":"C","1709":"K","1710":";","1711":";","1712":";","1713":";","1714":";","1715":";","1716":";","1717":";","1718":";","1719":";","1720":";","1721":";","1722":";","1723":";","1724":";","1725":";","1726":";","1727":";","1728":";","1729":";","1730":";","1731":";","1732":";","1733":";","1734":";","1735":";","1736":";","1737":";","1738":";","1739":";","1740":";","1741":";","1742":";","1743":";","1744":";","1745":";","1746":";","1747":";","1748":";","1749":";","1750":";","1751":";","1752":";","1753":";","1754":";","1755":";","1756":";","1757":";","1758":";","1759":";","1760":";","1761":";","1762":";","1763":";","1764":";","1765":";","1766":";","1767":";","1768":";","1769":";","1770":";","1771":";","1772":";","1773":";","1774":"A","1775":"A","1776":"I","1777":"t","1778":"B","1779":",","1780":"I","1781":"A","1782":"A","1783":"A","1784":",","1785":"A","1786":"A","1787":"A","1788":"M","1789":"A","1790":",","1791":"c","1792":"A","1793":"A","1794":"N","1795":",","1796":"M","1797":"A","1798":"A","1799":"M","1800":"A","1801":";","1802":"I","1803":"A","1804":"O","1805":"X","1806":",","1807":"M","1808":"A","1809":"A","1810":"M","1811":"C","1812":",","1813":"a","1814":"A","1815":"A","1816":"a","1817":"C","1818":",","1819":"K","1820":"A","1821":"A","1822":"a","1823":",","1824":"E","1825":"A","1826":"A","1827":"E","1828":"C","1829":",","1830":"Q","1831":"A","1832":"A","1833":"g","1834":"B","1835":",","1836":"E","1837":"A","1838":"A","1839":"g","1840":"B","1841":";","1842":"Q","1843":"A","1844":"C","1845":"h","1846":"E","1847":",","1848":"M","1849":"A","1850":"A","1851":"M","1852":"C","1853":",","1854":"O","1855":"A","1856":"A","1857":"O","1858":",","1859":"M","1860":"A","1861":"A","1862":"M","1863":",","1864":"I","1865":"A","1866":"A","1867":"I","1868":",","1869":"C","1870":"A","1871":"A","1872":"C","1873":"C","1874":",","1875":"Y","1876":"A","1877":"A","1878":"Y","1879":",","1880":"C","1881":"A","1882":"A","1883":"C","1884":"C","1885":",","1886":"W","1887":"A","1888":"A","1889":"W","1890":",","1891":"C","1892":"A","1893":"A","1894":"C","1895":"J","1896":";","1897":"Q","1898":"A","1899":"C","1900":"j","1901":"D","1902":",","1903":"I","1904":"A","1905":"A","1906":"I","1907":"E","1908":",","1909":"Q","1910":"A","1911":"A","1912":"S","1913":",","1914":"M","1915":"A","1916":"A","1917":"M","1918":"G","1919":",","1920":"Q","1921":"A","1922":"A","1923":"O","1924":"C","1925":",","1926":"O","1927":"A","1928":"A","1929":"O","1930":",","1931":"C","1932":"A","1933":"A","1934":"C","1935":"L","1936":",","1937":"U","1938":"A","1939":"A","1940":"U","1941":"C","1942":",","1943":"K","1944":"A","1945":"A","1946":"K","1947":"D","1948":",","1949":"Q","1950":"A","1951":"A","1952":"Q","1953":",","1954":"G","1955":"A","1956":"A","1957":"I","1958":";","1959":"Y","1960":"A","1961":"C","1962":"3","1963":"D","1964":",","1965":"M","1966":"A","1967":"A","1968":"M","1969":",","1970":"E","1971":"A","1972":"A","1973":"E","1974":"A","1975":",","1976":"U","1977":"A","1978":"A","1979":"U","1980":"M","1981":",","1982":"C","1983":"A","1984":"A","1985":"C","1986":",","1987":"E","1988":"A","1989":"A","1990":"E","1991":",","1992":"G","1993":"A","1994":"A","1995":"G","1996":"C","1997":",","1998":"Q","1999":"A","2000":"A","2001":"Q","2002":",","2003":"G","2004":"A","2005":"A","2006":"G","2007":"N","2008":",","2009":"K","2010":"A","2011":"A","2012":"K","2013":"O","2014":",","2015":"Q","2016":"A","2017":"A","2018":"Q","2019":";","2020":"Y","2021":"A","2022":"C","2023":"h","2024":"D","2025":",","2026":"O","2027":"A","2028":"A","2029":"O","2030":"D","2031":";","2032":"Q","2033":"A","2034":"C","2035":"T","2036":";","2037":"Q","2038":"A","2039":"C","2040":"A","2041":",","2042":"O","2043":"A","2044":"A","2045":"O","2046":";","2047":"I","2048":"A","2049":"C","2050":"T","2051":";","2052":"I","2053":"A","2054":"E","2055":"A","2056":",","2057":"M","2058":"A","2059":"A","2060":"M","2061":"E","2062":",","2063":"M","2064":"A","2065":"A","2066":"M","2067":"C","2068":",","2069":"Q","2070":"A","2071":"A","2072":"k","2073":"B","2074":",","2075":"E","2076":"A","2077":"A","2078":"E","2079":";","2080":"Q","2081":"A","2082":"C","2083":"9","2084":"B","2085":",","2086":"M","2087":"A","2088":"A","2089":"M","2090":"T","2091":",","2092":"O","2093":"A","2094":"A","2095":"O","2096":",","2097":"M","2098":"A","2099":"A","2100":"M","2101":",","2102":"I","2103":"A","2104":"A","2105":"I","2106":",","2107":"C","2108":"A","2109":"A","2110":"C","2111":"H","2112":",","2113":"Y","2114":"A","2115":"A","2116":"Y","2117":",","2118":"C","2119":"A","2120":"A","2121":"C","2122":"Y","2123":",","2124":"S","2125":"A","2126":"A","2127":"S","2128":"X","2129":",","2130":"K","2131":"A","2132":"A","2133":"K","2134":",","2135":"E","2136":"A","2137":"A","2138":"E","2139":"W","2140":",","2141":"S","2142":"A","2143":"A","2144":"S","2145":"V","2146":",","2147":"Q","2148":"A","2149":"A","2150":"Q","2151":";","2152":"Q","2153":"A","2154":"C","2155":"t","2156":"E","2157":",","2158":"I","2159":"A","2160":"A","2161":"I","2162":",","2163":"C","2164":"A","2165":"A","2166":"C","2167":"C","2168":",","2169":"M","2170":"A","2171":"A","2172":"M","2173":";","2174":"Y","2175":"A","2176":"C","2177":"T","2178":",","2179":"M","2180":"A","2181":"A","2182":"M","2183":",","2184":"I","2185":"A","2186":"A","2187":"I","2188":"U","2189":",","2190":"6","2191":"B","2192":"A","2193":"A","2194":"q","2195":"B","2196":",","2197":"C","2198":"A","2199":"A","2200":"C","2201":";","2202":"Q","2203":"A","2204":"C","2205":"l","2206":"C","2207":";","2208":"Q","2209":"A","2210":"C","2211":"A","2212":",","2213":"M","2214":"A","2215":"A","2216":"M","2217":"C","2218":",","2219":"U","2220":"A","2221":"A","2222":"U","2223":";","2224":"Y","2225":"A","2226":"A","2227":"E","2228":"b","2229":",","2230":"O","2231":"A","2232":"A","2233":"O","2234":"E","2235":",","2236":"K","2237":"A","2238":"A","2239":"K","2240":"F","2241":",","2242":"K","2243":"A","2244":"A","2245":"K","2246":";","2247":"Y","2248":"A","2249":"A","2250":"E","2251":"c","2252":",","2253":"K","2254":"A","2255":"A","2256":"K","2257":"Z","2258":",","2259":"K","2260":"A","2261":"A","2262":"K","2263":"a","2264":",","2265":"G","2266":"A","2267":"A","2268":"G","2269":";","2270":"Q","2271":"A","2272":"A","2273":"C","2274":";","2275":"Q","2276":"A","2277":"C","2278":"n","2279":"D","2280":",","2281":"O","2282":"A","2283":"A","2284":"O","2285":";","2286":"Y","2287":"A","2288":"C","2289":"L","2290":"C","2291":",","2292":"c","2293":"A","2294":"A","2295":"c","2296":",","2297":"I","2298":"A","2299":"A","2300":"I","2301":",","2302":"C","2303":"A","2304":"A","2305":"C","2306":"C","2307":",","2308":"U","2309":"A","2310":"A","2311":"U","2312":",","2313":"C","2314":"A","2315":"A","2316":"C","2317":"C","2318":",","2319":"I","2320":"A","2321":"A","2322":"I","2323":",","2324":"C","2325":"A","2326":"A","2327":"C","2328":"L","2329":";","2330":"Y","2331":"A","2332":"C","2333":"n","2334":"C","2335":"X","2336":",","2337":"M","2338":"A","2339":"A","2340":"M","2341":";","2342":"g","2343":"B","2344":"A","2345":"C","2346":"J","2347":"i","2348":"B","2349":",","2350":"I","2351":"A","2352":"A","2353":"I","2354":"j","2355":"B","2356":",","2357":"K","2358":"A","2359":"A","2360":"K","2361":"a","2362":",","2363":"G","2364":"A","2365":"A","2366":"G","2367":";","2368":"g","2369":"B","2370":"A","2371":"C","2372":"Z","2373":"f","2374":",","2375":"O","2376":"A","2377":"A","2378":"O","2379":"E","2380":",","2381":"K","2382":"A","2383":"A","2384":"K","2385":"F","2386":",","2387":"K","2388":"A","2389":"A","2390":"K","2391":";","2392":"g","2393":"B","2394":"A","2395":"C","2396":"j","2397":"B","2398":"o","2399":"B","2400":",","2401":"M","2402":"A","2403":"A","2404":"M","2405":"l","2406":"B","2407":",","2408":"K","2409":"A","2410":"A","2411":"K","2412":"k","2413":"B","2414":",","2415":"I","2416":"A","2417":"A","2418":"I","2419":";","2420":"Y","2421":"A","2422":"C","2423":"j","2424":"B","2425":";","2426":"Q","2427":"A","2428":"C","2429":"F","2430":";","2431":"I","2432":"A","2433":"C","2434":"F","2435":";","2436":"I","2437":"A","2438":"7","2439":"B","2440":"A","2441":",","2442":"Y","2443":"A","2444":"C","2445":"E","2446":",","2447":"A","2448":"A","2449":"A","2450":"Q","2451":"j","2452":"B","2453":",","2454":"Y","2455":"A","2456":"A","2457":"0","2458":"B","2459":",","2460":"E","2461":"A","2462":"C","2463":"l","2464":"C","2465":",","2466":"A","2467":"A","2468":"A","2469":"Q","2470":"c","2471":",","2472":"U","2473":"A","2474":"A","2475":"s","2476":"B","2477":",","2478":"E","2479":"A","2480":"C","2481":"9","2482":"B","2483":",","2484":"A","2485":"A","2486":"A","2487":"Q","2488":"I","2489":",","2490":"a","2491":"A","2492":"A","2493":"4","2494":"B","2495":",","2496":"C","2497":"A","2498":"C","2499":"p","2500":"C","2501":";","2502":";","2503":";","2504":";","2505":"a","2506":"A","2507":"H","2508":"Q","2509":"l","2510":"B","2511":",","2512":"e","2513":"A","2514":"A","2515":"A","2516":"A","2517":";","2518":"a","2519":"A","2520":"C","2521":"A","2522":"c","2523":",","2524":"a","2525":"A","2526":"A","2527":"A","2528":"A","2529":";","2530":"a","2531":"A","2532":"C","2533":"A","2534":"I","2535":",","2536":"g","2537":"B","2538":"A","2539":"A","2540":"A","2541":"A","2542":";","2543":"I","2544":"A","2545":"C","2546":"P","2547":";","2548":"A","2549":"A","2550":"0","2551":"B","2552":"L","2553":"\"","2554":"}"},"_coverageSchema":"1a1c01bbd47fc00a2c39e90264f33305004495a9","hash":"3a858e921b434b24f1da87b94c62dd32f24cf622"}
,"/home/nik/projects/webinar/node/2025-12/17-testing/nestjs/src/auth/guards/jwt-auth.guard.ts": {"path":"/home/nik/projects/webinar/node/2025-12/17-testing/nestjs/src/auth/guards/jwt-auth.guard.ts","statementMap":{"0":{"start":{"line":2,"column":12},"end":{"line":2,"column":28}},"1":{"start":{"line":2,"column":34},"end":{"line":2,"column":125}},"2":{"start":{"line":3,"column":4},"end":{"line":4,"column":148}},"3":{"start":{"line":3,"column":79},"end":{"line":3,"column":131}},"4":{"start":{"line":4,"column":9},"end":{"line":4,"column":148}},"5":{"start":{"line":4,"column":21},"end":{"line":4,"column":42}},"6":{"start":{"line":4,"column":56},"end":{"line":4,"column":148}},"7":{"start":{"line":4,"column":79},"end":{"line":4,"column":148}},"8":{"start":{"line":5,"column":4},"end":{"line":5,"column":66}},"9":{"start":{"line":11,"column":0},"end":{"line":13,"column":17}}},"fnMap":{"0":{"name":"_ts_decorate","decl":{"start":{"line":1,"column":9},"end":{"line":1,"column":21}},"loc":{"start":{"line":1,"column":53},"end":{"line":6,"column":1}},"line":1}},"branchMap":{"0":{"loc":{"start":{"line":2,"column":34},"end":{"line":2,"column":125}},"type":"cond-expr","locations":[{"start":{"line":2,"column":42},"end":{"line":2,"column":48}},{"start":{"line":2,"column":51},"end":{"line":2,"column":125}}],"line":2},"1":{"loc":{"start":{"line":2,"column":51},"end":{"line":2,"column":125}},"type":"cond-expr","locations":[{"start":{"line":2,"column":67},"end":{"line":2,"column":118}},{"start":{"line":2,"column":121},"end":{"line":2,"column":125}}],"line":2},"2":{"loc":{"start":{"line":3,"column":4},"end":{"line":4,"column":148}},"type":"if","locations":[{"start":{"line":3,"column":4},"end":{"line":4,"column":148}},{"start":{"line":4,"column":9},"end":{"line":4,"column":148}}],"line":3},"3":{"loc":{"start":{"line":3,"column":8},"end":{"line":3,"column":77}},"type":"binary-expr","locations":[{"start":{"line":3,"column":8},"end":{"line":3,"column":35}},{"start":{"line":3,"column":39},"end":{"line":3,"column":77}}],"line":3},"4":{"loc":{"start":{"line":4,"column":56},"end":{"line":4,"column":148}},"type":"if","locations":[{"start":{"line":4,"column":56},"end":{"line":4,"column":148}},{"start":{},"end":{}}],"line":4},"5":{"loc":{"start":{"line":4,"column":83},"end":{"line":4,"column":147}},"type":"binary-expr","locations":[{"start":{"line":4,"column":84},"end":{"line":4,"column":141}},{"start":{"line":4,"column":146},"end":{"line":4,"column":147}}],"line":4},"6":{"loc":{"start":{"line":4,"column":84},"end":{"line":4,"column":141}},"type":"cond-expr","locations":[{"start":{"line":4,"column":92},"end":{"line":4,"column":96}},{"start":{"line":4,"column":99},"end":{"line":4,"column":141}}],"line":4},"7":{"loc":{"start":{"line":4,"column":99},"end":{"line":4,"column":141}},"type":"cond-expr","locations":[{"start":{"line":4,"column":107},"end":{"line":4,"column":124}},{"start":{"line":4,"column":127},"end":{"line":4,"column":141}}],"line":4},"8":{"loc":{"start":{"line":5,"column":11},"end":{"line":5,"column":62}},"type":"binary-expr","locations":[{"start":{"line":5,"column":11},"end":{"line":5,"column":16}},{"start":{"line":5,"column":20},"end":{"line":5,"column":21}},{"start":{"line":5,"column":25},"end":{"line":5,"column":62}}],"line":5}},"s":{"0":0,"1":0,"2":0,"3":0,"4":0,"5":0,"6":0,"7":0,"8":0,"9":0},"f":{"0":0},"b":{"0":[0,0],"1":[0,0],"2":[0,0],"3":[0,0],"4":[0,0],"5":[0,0],"6":[0,0],"7":[0,0],"8":[0,0,0]},"inputSourceMap":{"0":"{","1":"\"","2":"v","3":"e","4":"r","5":"s","6":"i","7":"o","8":"n","9":"\"","10":":","11":"3","12":",","13":"\"","14":"s","15":"o","16":"u","17":"r","18":"c","19":"e","20":"s","21":"\"","22":":","23":"[","24":"\"","25":"/","26":"h","27":"o","28":"m","29":"e","30":"/","31":"n","32":"i","33":"k","34":"/","35":"p","36":"r","37":"o","38":"j","39":"e","40":"c","41":"t","42":"s","43":"/","44":"w","45":"e","46":"b","47":"i","48":"n","49":"a","50":"r","51":"/","52":"n","53":"o","54":"d","55":"e","56":"/","57":"2","58":"0","59":"2","60":"5","61":"-","62":"1","63":"2","64":"/","65":"1","66":"7","67":"-","68":"t","69":"e","70":"s","71":"t","72":"i","73":"n","74":"g","75":"/","76":"n","77":"e","78":"s","79":"t","80":"j","81":"s","82":"/","83":"s","84":"r","85":"c","86":"/","87":"a","88":"u","89":"t","90":"h","91":"/","92":"g","93":"u","94":"a","95":"r","96":"d","97":"s","98":"/","99":"j","100":"w","101":"t","102":"-","103":"a","104":"u","105":"t","106":"h","107":".","108":"g","109":"u","110":"a","111":"r","112":"d","113":".","114":"t","115":"s","116":"\"","117":"]","118":",","119":"\"","120":"s","121":"o","122":"u","123":"r","124":"c","125":"e","126":"s","127":"C","128":"o","129":"n","130":"t","131":"e","132":"n","133":"t","134":"\"","135":":","136":"[","137":"\"","138":"i","139":"m","140":"p","141":"o","142":"r","143":"t","144":" ","145":"{","146":" ","147":"I","148":"n","149":"j","150":"e","151":"c","152":"t","153":"a","154":"b","155":"l","156":"e","157":" ","158":"}","159":" ","160":"f","161":"r","162":"o","163":"m","164":" ","165":"'","166":"@","167":"n","168":"e","169":"s","170":"t","171":"j","172":"s","173":"/","174":"c","175":"o","176":"m","177":"m","178":"o","179":"n","180":"'","181":";","182":"\\","183":"n","184":"i","185":"m","186":"p","187":"o","188":"r","189":"t","190":" ","191":"{","192":" ","193":"A","194":"u","195":"t","196":"h","197":"G","198":"u","199":"a","200":"r","201":"d","202":" ","203":"}","204":" ","205":"f","206":"r","207":"o","208":"m","209":" ","210":"'","211":"@","212":"n","213":"e","214":"s","215":"t","216":"j","217":"s","218":"/","219":"p","220":"a","221":"s","222":"s","223":"p","224":"o","225":"r","226":"t","227":"'","228":";","229":"\\","230":"n","231":"\\","232":"n","233":"@","234":"I","235":"n","236":"j","237":"e","238":"c","239":"t","240":"a","241":"b","242":"l","243":"e","244":"(","245":")","246":"\\","247":"n","248":"e","249":"x","250":"p","251":"o","252":"r","253":"t","254":" ","255":"c","256":"l","257":"a","258":"s","259":"s","260":" ","261":"J","262":"w","263":"t","264":"A","265":"u","266":"t","267":"h","268":"G","269":"u","270":"a","271":"r","272":"d","273":" ","274":"e","275":"x","276":"t","277":"e","278":"n","279":"d","280":"s","281":" ","282":"A","283":"u","284":"t","285":"h","286":"G","287":"u","288":"a","289":"r","290":"d","291":"(","292":"'","293":"j","294":"w","295":"t","296":"'","297":")","298":" ","299":"{","300":"}","301":"\\","302":"n","303":"\"","304":"]","305":",","306":"\"","307":"n","308":"a","309":"m","310":"e","311":"s","312":"\"","313":":","314":"[","315":"\"","316":"I","317":"n","318":"j","319":"e","320":"c","321":"t","322":"a","323":"b","324":"l","325":"e","326":"\"","327":",","328":"\"","329":"A","330":"u","331":"t","332":"h","333":"G","334":"u","335":"a","336":"r","337":"d","338":"\"","339":",","340":"\"","341":"J","342":"w","343":"t","344":"A","345":"u","346":"t","347":"h","348":"G","349":"u","350":"a","351":"r","352":"d","353":"\"","354":"]","355":",","356":"\"","357":"m","358":"a","359":"p","360":"p","361":"i","362":"n","363":"g","364":"s","365":"\"","366":":","367":"\"","368":";","369":";","370":";","371":";","372":";","373":";","374":"A","375":"A","376":"A","377":"A","378":",","379":"S","380":"A","381":"A","382":"S","383":"A","384":",","385":"U","386":"A","387":"A","388":"U","389":",","390":"Q","391":"A","392":"A","393":"Q","394":",","395":"i","396":"B","397":"A","398":"A","399":"i","400":"B","401":";","402":"A","403":"A","404":"C","405":"5","406":"C","407":",","408":"S","409":"A","410":"A","411":"S","412":"C","413":",","414":"S","415":"A","416":"A","417":"S","418":",","419":"Q","420":"A","421":"A","422":"Q","423":",","424":"m","425":"B","426":"A","427":"A","428":"m","429":"B","430":";","431":"A","432":"A","433":"G","434":"7","435":"C","436":",","437":"O","438":"A","439":"A","440":"O","441":",","442":"M","443":"A","444":"A","445":"M","446":"C","447":",","448":"q","449":"B","450":"A","451":"A","452":"q","453":"B","454":"D","455":",","456":"U","457":"A","458":"A","459":"U","460":";","461":"A","462":"A","463":"A","464":"Q","465":"\"","466":"}"}}
,"/home/nik/projects/webinar/node/2025-12/17-testing/nestjs/src/auth/strategies/jwt.strategy.ts": {"path":"/home/nik/projects/webinar/node/2025-12/17-testing/nestjs/src/auth/strategies/jwt.strategy.ts","statementMap":{"0":{"start":{"line":2,"column":4},"end":{"line":11,"column":5}},"1":{"start":{"line":3,"column":8},"end":{"line":8,"column":11}},"2":{"start":{"line":10,"column":8},"end":{"line":10,"column":25}},"3":{"start":{"line":12,"column":4},"end":{"line":12,"column":15}},"4":{"start":{"line":15,"column":12},"end":{"line":15,"column":28}},"5":{"start":{"line":15,"column":34},"end":{"line":15,"column":125}},"6":{"start":{"line":16,"column":4},"end":{"line":17,"column":148}},"7":{"start":{"line":16,"column":79},"end":{"line":16,"column":131}},"8":{"start":{"line":17,"column":9},"end":{"line":17,"column":148}},"9":{"start":{"line":17,"column":21},"end":{"line":17,"column":42}},"10":{"start":{"line":17,"column":56},"end":{"line":17,"column":148}},"11":{"start":{"line":17,"column":79},"end":{"line":17,"column":148}},"12":{"start":{"line":18,"column":4},"end":{"line":18,"column":66}},"13":{"start":{"line":21,"column":4},"end":{"line":21,"column":109}},"14":{"start":{"line":21,"column":79},"end":{"line":21,"column":109}},"15":{"start":{"line":30,"column":21},"end":{"line":30,"column":65}},"16":{"start":{"line":31,"column":8},"end":{"line":33,"column":9}},"17":{"start":{"line":32,"column":12},"end":{"line":32,"column":46}},"18":{"start":{"line":34,"column":8},"end":{"line":37,"column":10}},"19":{"start":{"line":40,"column":8},"end":{"line":44,"column":178}},"20":{"start":{"line":47,"column":0},"end":{"line":54,"column":16}}},"fnMap":{"0":{"name":"_define_property","decl":{"start":{"line":1,"column":9},"end":{"line":1,"column":25}},"loc":{"start":{"line":1,"column":43},"end":{"line":13,"column":1}},"line":1},"1":{"name":"_ts_decorate","decl":{"start":{"line":14,"column":9},"end":{"line":14,"column":21}},"loc":{"start":{"line":14,"column":53},"end":{"line":19,"column":1}},"line":14},"2":{"name":"_ts_metadata","decl":{"start":{"line":20,"column":9},"end":{"line":20,"column":21}},"loc":{"start":{"line":20,"column":28},"end":{"line":22,"column":1}},"line":20},"3":{"name":"(anonymous_3)","decl":{"start":{"line":29,"column":4},"end":{"line":29,"column":5}},"loc":{"start":{"line":29,"column":28},"end":{"line":38,"column":5}},"line":29},"4":{"name":"(anonymous_4)","decl":{"start":{"line":39,"column":4},"end":{"line":39,"column":5}},"loc":{"start":{"line":39,"column":44},"end":{"line":45,"column":5}},"line":39}},"branchMap":{"0":{"loc":{"start":{"line":2,"column":4},"end":{"line":11,"column":5}},"type":"if","locations":[{"start":{"line":2,"column":4},"end":{"line":11,"column":5}},{"start":{"line":9,"column":11},"end":{"line":11,"column":5}}],"line":2},"1":{"loc":{"start":{"line":15,"column":34},"end":{"line":15,"column":125}},"type":"cond-expr","locations":[{"start":{"line":15,"column":42},"end":{"line":15,"column":48}},{"start":{"line":15,"column":51},"end":{"line":15,"column":125}}],"line":15},"2":{"loc":{"start":{"line":15,"column":51},"end":{"line":15,"column":125}},"type":"cond-expr","locations":[{"start":{"line":15,"column":67},"end":{"line":15,"column":118}},{"start":{"line":15,"column":121},"end":{"line":15,"column":125}}],"line":15},"3":{"loc":{"start":{"line":16,"column":4},"end":{"line":17,"column":148}},"type":"if","locations":[{"start":{"line":16,"column":4},"end":{"line":17,"column":148}},{"start":{"line":17,"column":9},"end":{"line":17,"column":148}}],"line":16},"4":{"loc":{"start":{"line":16,"column":8},"end":{"line":16,"column":77}},"type":"binary-expr","locations":[{"start":{"line":16,"column":8},"end":{"line":16,"column":35}},{"start":{"line":16,"column":39},"end":{"line":16,"column":77}}],"line":16},"5":{"loc":{"start":{"line":17,"column":56},"end":{"line":17,"column":148}},"type":"if","locations":[{"start":{"line":17,"column":56},"end":{"line":17,"column":148}},{"start":{},"end":{}}],"line":17},"6":{"loc":{"start":{"line":17,"column":83},"end":{"line":17,"column":147}},"type":"binary-expr","locations":[{"start":{"line":17,"column":84},"end":{"line":17,"column":141}},{"start":{"line":17,"column":146},"end":{"line":17,"column":147}}],"line":17},"7":{"loc":{"start":{"line":17,"column":84},"end":{"line":17,"column":141}},"type":"cond-expr","locations":[{"start":{"line":17,"column":92},"end":{"line":17,"column":96}},{"start":{"line":17,"column":99},"end":{"line":17,"column":141}}],"line":17},"8":{"loc":{"start":{"line":17,"column":99},"end":{"line":17,"column":141}},"type":"cond-expr","locations":[{"start":{"line":17,"column":107},"end":{"line":17,"column":124}},{"start":{"line":17,"column":127},"end":{"line":17,"column":141}}],"line":17},"9":{"loc":{"start":{"line":18,"column":11},"end":{"line":18,"column":62}},"type":"binary-expr","locations":[{"start":{"line":18,"column":11},"end":{"line":18,"column":16}},{"start":{"line":18,"column":20},"end":{"line":18,"column":21}},{"start":{"line":18,"column":25},"end":{"line":18,"column":62}}],"line":18},"10":{"loc":{"start":{"line":21,"column":4},"end":{"line":21,"column":109}},"type":"if","locations":[{"start":{"line":21,"column":4},"end":{"line":21,"column":109}},{"start":{},"end":{}}],"line":21},"11":{"loc":{"start":{"line":21,"column":8},"end":{"line":21,"column":77}},"type":"binary-expr","locations":[{"start":{"line":21,"column":8},"end":{"line":21,"column":35}},{"start":{"line":21,"column":39},"end":{"line":21,"column":77}}],"line":21},"12":{"loc":{"start":{"line":31,"column":8},"end":{"line":33,"column":9}},"type":"if","locations":[{"start":{"line":31,"column":8},"end":{"line":33,"column":9}},{"start":{},"end":{}}],"line":31},"13":{"loc":{"start":{"line":43,"column":25},"end":{"line":43,"column":77}},"type":"binary-expr","locations":[{"start":{"line":43,"column":25},"end":{"line":43,"column":56}},{"start":{"line":43,"column":60},"end":{"line":43,"column":77}}],"line":43},"14":{"loc":{"start":{"line":51,"column":8},"end":{"line":51,"column":69}},"type":"cond-expr","locations":[{"start":{"line":51,"column":47},"end":{"line":51,"column":53}},{"start":{"line":51,"column":56},"end":{"line":51,"column":69}}],"line":51},"15":{"loc":{"start":{"line":52,"column":8},"end":{"line":52,"column":67}},"type":"cond-expr","locations":[{"start":{"line":52,"column":46},"end":{"line":52,"column":52}},{"start":{"line":52,"column":55},"end":{"line":52,"column":67}}],"line":52}},"s":{"0":0,"1":0,"2":0,"3":0,"4":0,"5":0,"6":0,"7":0,"8":0,"9":0,"10":0,"11":0,"12":0,"13":0,"14":0,"15":0,"16":0,"17":0,"18":0,"19":0,"20":0},"f":{"0":0,"1":0,"2":0,"3":0,"4":0},"b":{"0":[0,0],"1":[0,0],"2":[0,0],"3":[0,0],"4":[0,0],"5":[0,0],"6":[0,0],"7":[0,0],"8":[0,0],"9":[0,0,0],"10":[0,0],"11":[0,0],"12":[0,0],"13":[0,0],"14":[0,0],"15":[0,0]},"inputSourceMap":{"0":"{","1":"\"","2":"v","3":"e","4":"r","5":"s","6":"i","7":"o","8":"n","9":"\"","10":":","11":"3","12":",","13":"\"","14":"s","15":"o","16":"u","17":"r","18":"c","19":"e","20":"s","21":"\"","22":":","23":"[","24":"\"","25":"/","26":"h","27":"o","28":"m","29":"e","30":"/","31":"n","32":"i","33":"k","34":"/","35":"p","36":"r","37":"o","38":"j","39":"e","40":"c","41":"t","42":"s","43":"/","44":"w","45":"e","46":"b","47":"i","48":"n","49":"a","50":"r","51":"/","52":"n","53":"o","54":"d","55":"e","56":"/","57":"2","58":"0","59":"2","60":"5","61":"-","62":"1","63":"2","64":"/","65":"1","66":"7","67":"-","68":"t","69":"e","70":"s","71":"t","72":"i","73":"n","74":"g","75":"/","76":"n","77":"e","78":"s","79":"t","80":"j","81":"s","82":"/","83":"s","84":"r","85":"c","86":"/","87":"a","88":"u","89":"t","90":"h","91":"/","92":"s","93":"t","94":"r","95":"a","96":"t","97":"e","98":"g","99":"i","100":"e","101":"s","102":"/","103":"j","104":"w","105":"t","106":".","107":"s","108":"t","109":"r","110":"a","111":"t","112":"e","113":"g","114":"y","115":".","116":"t","117":"s","118":"\"","119":"]","120":",","121":"\"","122":"s","123":"o","124":"u","125":"r","126":"c","127":"e","128":"s","129":"C","130":"o","131":"n","132":"t","133":"e","134":"n","135":"t","136":"\"","137":":","138":"[","139":"\"","140":"i","141":"m","142":"p","143":"o","144":"r","145":"t","146":" ","147":"{","148":" ","149":"I","150":"n","151":"j","152":"e","153":"c","154":"t","155":"a","156":"b","157":"l","158":"e","159":",","160":" ","161":"U","162":"n","163":"a","164":"u","165":"t","166":"h","167":"o","168":"r","169":"i","170":"z","171":"e","172":"d","173":"E","174":"x","175":"c","176":"e","177":"p","178":"t","179":"i","180":"o","181":"n","182":" ","183":"}","184":" ","185":"f","186":"r","187":"o","188":"m","189":" ","190":"'","191":"@","192":"n","193":"e","194":"s","195":"t","196":"j","197":"s","198":"/","199":"c","200":"o","201":"m","202":"m","203":"o","204":"n","205":"'","206":";","207":"\\","208":"n","209":"i","210":"m","211":"p","212":"o","213":"r","214":"t","215":" ","216":"{","217":" ","218":"C","219":"o","220":"n","221":"f","222":"i","223":"g","224":"S","225":"e","226":"r","227":"v","228":"i","229":"c","230":"e","231":" ","232":"}","233":" ","234":"f","235":"r","236":"o","237":"m","238":" ","239":"'","240":"@","241":"n","242":"e","243":"s","244":"t","245":"j","246":"s","247":"/","248":"c","249":"o","250":"n","251":"f","252":"i","253":"g","254":"'","255":";","256":"\\","257":"n","258":"i","259":"m","260":"p","261":"o","262":"r","263":"t","264":" ","265":"{","266":" ","267":"P","268":"a","269":"s","270":"s","271":"p","272":"o","273":"r","274":"t","275":"S","276":"t","277":"r","278":"a","279":"t","280":"e","281":"g","282":"y","283":" ","284":"}","285":" ","286":"f","287":"r","288":"o","289":"m","290":" ","291":"'","292":"@","293":"n","294":"e","295":"s","296":"t","297":"j","298":"s","299":"/","300":"p","301":"a","302":"s","303":"s","304":"p","305":"o","306":"r","307":"t","308":"'","309":";","310":"\\","311":"n","312":"i","313":"m","314":"p","315":"o","316":"r","317":"t","318":" ","319":"{","320":" ","321":"E","322":"x","323":"t","324":"r","325":"a","326":"c","327":"t","328":"J","329":"w","330":"t","331":",","332":" ","333":"S","334":"t","335":"r","336":"a","337":"t","338":"e","339":"g","340":"y","341":" ","342":"}","343":" ","344":"f","345":"r","346":"o","347":"m","348":" ","349":"'","350":"p","351":"a","352":"s","353":"s","354":"p","355":"o","356":"r","357":"t","358":"-","359":"j","360":"w","361":"t","362":"'","363":";","364":"\\","365":"n","366":"i","367":"m","368":"p","369":"o","370":"r","371":"t","372":" ","373":"{","374":" ","375":"U","376":"s","377":"e","378":"r","379":"s","380":"S","381":"e","382":"r","383":"v","384":"i","385":"c","386":"e","387":" ","388":"}","389":" ","390":"f","391":"r","392":"o","393":"m","394":" ","395":"'","396":".","397":".","398":"/","399":".","400":".","401":"/","402":"u","403":"s","404":"e","405":"r","406":"s","407":"/","408":"u","409":"s","410":"e","411":"r","412":"s","413":".","414":"s","415":"e","416":"r","417":"v","418":"i","419":"c","420":"e","421":"'","422":";","423":"\\","424":"n","425":"\\","426":"n","427":"@","428":"I","429":"n","430":"j","431":"e","432":"c","433":"t","434":"a","435":"b","436":"l","437":"e","438":"(","439":")","440":"\\","441":"n","442":"e","443":"x","444":"p","445":"o","446":"r","447":"t","448":" ","449":"c","450":"l","451":"a","452":"s","453":"s","454":" ","455":"J","456":"w","457":"t","458":"S","459":"t","460":"r","461":"a","462":"t","463":"e","464":"g","465":"y","466":" ","467":"e","468":"x","469":"t","470":"e","471":"n","472":"d","473":"s","474":" ","475":"P","476":"a","477":"s","478":"s","479":"p","480":"o","481":"r","482":"t","483":"S","484":"t","485":"r","486":"a","487":"t","488":"e","489":"g","490":"y","491":"(","492":"S","493":"t","494":"r","495":"a","496":"t","497":"e","498":"g","499":"y","500":")","501":" ","502":"{","503":"\\","504":"n","505":" ","506":" ","507":"c","508":"o","509":"n","510":"s","511":"t","512":"r","513":"u","514":"c","515":"t","516":"o","517":"r","518":"(","519":"\\","520":"n","521":" ","522":" ","523":" ","524":" ","525":"p","526":"r","527":"i","528":"v","529":"a","530":"t","531":"e","532":" ","533":"c","534":"o","535":"n","536":"f","537":"i","538":"g","539":"S","540":"e","541":"r","542":"v","543":"i","544":"c","545":"e","546":":","547":" ","548":"C","549":"o","550":"n","551":"f","552":"i","553":"g","554":"S","555":"e","556":"r","557":"v","
[...]
"p","2384":"a","2385":"s","2386":"s","2387":"w","2388":"o","2389":"r","2390":"d","2391":"\"","2392":",","2393":"\"","2394":"c","2395":"r","2396":"e","2397":"a","2398":"t","2399":"e","2400":"d","2401":"U","2402":"s","2403":"e","2404":"r","2405":"\"","2406":",","2407":"\"","2408":"u","2409":"s","2410":"e","2411":"r","2412":"M","2413":"o","2414":"d","2415":"e","2416":"l","2417":"\"","2418":",","2419":"\"","2420":"s","2421":"a","2422":"v","2423":"e","2424":"d","2425":"U","2426":"s","2427":"e","2428":"r","2429":"\"","2430":",","2431":"\"","2432":"s","2433":"a","2434":"v","2435":"e","2436":"\"","2437":",","2438":"\"","2439":"u","2440":"s","2441":"e","2442":"r","2443":"O","2444":"b","2445":"j","2446":"e","2447":"c","2448":"t","2449":"\"","2450":",","2451":"\"","2452":"t","2453":"o","2454":"O","2455":"b","2456":"j","2457":"e","2458":"c","2459":"t","2460":"\"","2461":",","2462":"\"","2463":"u","2464":"s","2465":"e","2466":"r","2467":"W","2468":"i","2469":"t","2470":"h","2471":"o","2472":"u","2473":"t","2474":"P","2475":"a","2476":"s","2477":"s","2478":"w","2479":"o","2480":"r","2481":"d","2482":"\"","2483":",","2484":"\"","2485":"f","2486":"i","2487":"n","2488":"d","2489":"A","2490":"l","2491":"l","2492":"\"","2493":",","2494":"\"","2495":"f","2496":"i","2497":"n","2498":"d","2499":"\"","2500":",","2501":"\"","2502":"s","2503":"e","2504":"l","2505":"e","2506":"c","2507":"t","2508":"\"","2509":",","2510":"\"","2511":"e","2512":"x","2513":"e","2514":"c","2515":"\"","2516":",","2517":"\"","2518":"f","2519":"i","2520":"n","2521":"d","2522":"O","2523":"n","2524":"e","2525":"\"","2526":",","2527":"\"","2528":"i","2529":"d","2530":"\"","2531":",","2532":"\"","2533":"u","2534":"s","2535":"e","2536":"r","2537":"\"","2538":",","2539":"\"","2540":"f","2541":"i","2542":"n","2543":"d","2544":"B","2545":"y","2546":"I","2547":"d","2548":"\"","2549":",","2550":"\"","2551":"N","2552":"o","2553":"t","2554":"F","2555":"o","2556":"u","2557":"n","2558":"d","2559":"E","2560":"x","2561":"c","2562":"e","2563":"p","2564":"t","2565":"i","2566":"o","2567":"n","2568":"\"","2569":",","2570":"\"","2571":"f","2572":"i","2573":"n","2574":"d","2575":"B","2576":"y","2577":"E","2578":"m","2579":"a","2580":"i","2581":"l","2582":"\"","2583":",","2584":"\"","2585":"e","2586":"m","2587":"a","2588":"i","2589":"l","2590":"\"","2591":",","2592":"\"","2593":"u","2594":"p","2595":"d","2596":"a","2597":"t","2598":"e","2599":"\"","2600":",","2601":"\"","2602":"u","2603":"p","2604":"d","2605":"a","2606":"t","2607":"e","2608":"U","2609":"s","2610":"e","2611":"r","2612":"D","2613":"t","2614":"o","2615":"\"","2616":",","2617":"\"","2618":"u","2619":"p","2620":"d","2621":"a","2622":"t","2623":"e","2624":"d","2625":"U","2626":"s","2627":"e","2628":"r","2629":"\"","2630":",","2631":"\"","2632":"f","2633":"i","2634":"n","2635":"d","2636":"B","2637":"y","2638":"I","2639":"d","2640":"A","2641":"n","2642":"d","2643":"U","2644":"p","2645":"d","2646":"a","2647":"t","2648":"e","2649":"\"","2650":",","2651":"\"","2652":"n","2653":"e","2654":"w","2655":"\"","2656":",","2657":"\"","2658":"r","2659":"e","2660":"m","2661":"o","2662":"v","2663":"e","2664":"\"","2665":",","2666":"\"","2667":"r","2668":"e","2669":"s","2670":"u","2671":"l","2672":"t","2673":"\"","2674":",","2675":"\"","2676":"f","2677":"i","2678":"n","2679":"d","2680":"B","2681":"y","2682":"I","2683":"d","2684":"A","2685":"n","2686":"d","2687":"D","2688":"e","2689":"l","2690":"e","2691":"t","2692":"e","2693":"\"","2694":",","2695":"\"","2696":"n","2697":"a","2698":"m","2699":"e","2700":"\"","2701":"]","2702":",","2703":"\"","2704":"m","2705":"a","2706":"p","2707":"p","2708":"i","2709":"n","2710":"g","2711":"s","2712":"\"","2713":":","2714":"\"","2715":";","2716":";","2717":";","2718":";","2719":"+","2720":"B","2721":"A","2722":"S","2723":"a","2724":"A","2725":";","2726":";","2727":";","2728":"e","2729":"A","2730":"A","2731":"A","2732":"A","2733":";","2734":";","2735":";","2736":"w","2737":"B","2738":"A","2739":"T","2740":"i","2741":"C","2742":";","2743":"0","2744":"B","2745":"A","2746":"C","2747":"l","2748":"B","2749":";","2750":"g","2751":"E","2752":"A","2753":"C","2754":"J","2755":";","2756":"2","2757":"B","2758":"A","2759":"C","2760":"F","2761":";","2762":"4","2763":"B","2764":"A","2765":"G","2766":"a","2767":";","2768":";","2769":";","2770":";","2771":";","2772":";","2773":";","2774":";","2775":";","2776":";","2777":";","2778":";","2779":";","2780":";","2781":";","2782":";","2783":";","2784":";","2785":";","2786":";","2787":";","2788":";","2789":";","2790":";","2791":";","2792":";","2793":";","2794":";","2795":";","2796":";","2797":";","2798":";","2799":";","2800":";","2801":";","2802":";","2803":";","2804":";","2805":";","2806":";","2807":";","2808":";","2809":";","2810":";","2811":";","2812":";","2813":";","2814":";","2815":";","2816":";","2817":";","2818":";","2819":";","2820":";","2821":";","2822":";","2823":";","2824":";","2825":";","2826":";","2827":";","2828":";","2829":";","2830":";","2831":";","2832":";","2833":";","2834":";","2835":";","2836":"A","2837":"A","2838":"G","2839":"5","2840":"B","2841":",","2842":"I","2843":"A","2844":"A","2845":"A","2846":",","2847":"A","2848":"A","2849":"A","2850":"M","2851":"A","2852":",","2853":"e","2854":"A","2855":"A","2856":"N","2857":",","2858":"M","2859":"A","2860":"A","2861":"M","2862":"A","2863":";","2864":"I","2865":"A","2866":"G","2867":"X","2868":",","2869":"M","2870":"A","2871":"A","2872":"M","2873":"C","2874":",","2875":"O","2876":"A","2877":"A","2878":"O","2879":"C","2880":",","2881":"a","2882":"A","2883":"A","2884":"4","2885":"B","2886":",","2887":"E","2888":"A","2889":"A","2890":"i","2891":"B","2892":";","2893":"Q","2894":"A","2895":"C","2896":"x","2897":"D","2898":",","2899":"M","2900":"A","2901":"A","2902":"M","2903":"C","2904":",","2905":"i","2906":"B","2907":"A","2908":"A","2909":"i","2910":"B","2911":",","2912":"M","2913":"A","2914":"A","2915":"M","2916":"C","2917":",","2918":"Q","2919":"A","2920":"A","2921":"O","2922":"C","2923":",","2924":"I","2925":"A","2926":"A","2927":"I","2928":",","2929":"C","2930":"A","2931":"A","2932":"C","2933":"H","2934":",","2935":"c","2936":"A","2937":"A","2938":"c","2939":"I","2940":",","2941":"Q","2942":"A","2943":"A","2944":"Q","2945":",","2946":"E","2947":"A","2948":"A","2949":"E","2950":";","2951":"Q","2952":"A","2953":"C","2954":"j","2955":"E","2956":",","2957":"M","2958":"A","2959":"A","2960":"M","2961":"C","2962":",","2963":"c","2964":"A","2965":"A","2966":"c","2967":",","2968":"I","2969":"A","2970":"A","2971":"I","2972":",","2973":"I","2974":"A","2975":"A","2976":"I","2977":",","2978":"C","2979":"A","2980":"A","2981":"C","2982":"C","2983":",","2984":"S","2985":"A","2986":"A","2987":"S","2988":",","2989":"C","2990":"A","2991":"A","2992":"C","2993":";","2994":"Y","2995":"A","2996":"C","2997":"r","2998":"C","2999":",","3000":"G","3001":"A","3002":"A","3003":"G","3004":"N","3005":",","3006":"a","3007":"A","3008":"A","3009":"a","3010":";","3011":"Y","3012":"A","3013":"C","3014":"h","3015":"B","3016":"I","3017":",","3018":"U","3019":"A","3020":"A","3021":"U","3022":"H","3023":";","3024":"Q","3025":"A","3026":"C","3027":"Z","3028":";","3029":"Q","3030":"A","3031":"C","3032":"A","3033":",","3034":"M","3035":"A","3036":"A","3037":"M","3038":"M","3039":",","3040":"Y","3041":"A","3042":"A","3043":"Y","3044":",","3045":"M","3046":"A","3047":"A","3048":"M","3049":"F","3050":",","3051":"Y","3052":"A","3053":"A","3054":"Y","3055":"G","3056":",","3057":"I","3058":"A","3059":"A","3060":"I","3061":";","3062":"Q","3063":"A","3064":"C","3065":"x","3066":"C","3067":",","3068":"w","3069":"C","3070":"A","3071":"A","3072":"w","3073":"C","3074":";","3075":"Q","3076":"A","3077":"C","3078":"x","3079":"C","3080":",","3081":"M","3082":"A","3083":"A","3084":"M","3085":"C","3086":",","3087":"a","3088":"A","3089":"A","3090":"a","3091":"F","3092":",","3093":"U","3094":"A","3095":"A","3096":"U","3097":"G","3098":",","3099":"Q","3100":"A","3101":"A","3102":"Q","3103":";","3104":"Q","3105":"A","3106":"C","3107":"r","3108":"C","3109":",","3110":"M","3111":"A","3112":"A","3113":"M","3114":",","3115":"E","3116":"A","3117":"A","3118":"E","3119":"N","3120":",","3121":"Q","3122":"A","3123":"A","3124":"Q","3125":",","3126":"E","3127":"A","3128":"A","3129":"E","3130":",","3131":"G","3132":"A","3133":"A","3134":"G","3135":"O","3136":",","3137":"q","3138":"B","3139":"A","3140":"A","3141":"q","3142":"B","3143":",","3144":"G","3145":"A","3146":"A","3147":"G","3148":"F","3149":";","3150":"Q","3151":"A","3152":"C","3153":"7","3154":"C","3155":",","3156":"O","3157":"A","3158":"A","3159":"O","3160":"E","3161":";","3162":"I","3163":"A","3164":"C","3165":"T","3166":";","3167":"I","3168":"A","3169":"E","3170":"A","3171":",","3172":"M","3173":"A","3174":"A","3175":"M","3176":"C","3177":",","3178":"U","3179":"A","3180":"A","3181":"2","3182":"B","3183":";","3184":"Q","3185":"A","3186":"C","3187":"/","3188":"B","3189":",","3190":"O","3191":"A","3192":"A","3193":"O","3194":",","3195":"I","3196":"A","3197":"A","3198":"I","3199":",","3200":"C","3201":"A","3202":"A","3203":"C","3204":"N","3205":",","3206":"S","3207":"A","3208":"A","3209":"S","3210":",","3211":"C","3212":"A","3213":"A","3214":"C","3215":"O","3216":",","3217":"I","3218":"A","3219":"A","3220":"I","3221":",","3222":"G","3223":"A","3224":"A","3225":"G","3226":"C","3227":",","3228":"M","3229":"A","3230":"A","3231":"M","3232":",","3233":"C","3234":"A","3235":"A","3236":"C","3237":",","3238":"a","3239":"A","3240":"A","3241":"a","3242":"C","3243":",","3244":"I","3245":"A","3246":"A","3247":"I","3248":";","3249":"I","3250":"A","3251":"C","3252":"v","3253":"D","3254":";","3255":"I","3256":"A","3257":"E","3258":"A","3259":",","3260":"M","3261":"A","3262":"A","3263":"M","3264":"C","3265":",","3266":"Q","3267":"A","3268":"A","3269":"Q","3270":"C","3271":",","3272":"E","3273":"A","3274":"A","3275":"U","3276":",","3277":"E","3278":"A","3279":"A","3280":"i","3281":"B","3282":";","3283":"Q","3284":"A","3285":"C","3286":"v","3287":"C","3288":",","3289":"M","3290":"A","3291":"A","3292":"M","3293":"C","3294":",","3295":"O","3296":"A","3297":"A","3298":"O","3299":",","3300":"M","3301":"A","3302":"A","3303":"M","3304":",","3305":"I","3306":"A","3307":"A","3308":"I","3309":",","3310":"C","3311":"A","3312":"A","3313":"C","3314":"Z","3315":",","3316":"S","3317":"A","3318":"A","3319":"S","3320":",","3321":"C","3322":"A","3323":"A","3324":"C","3325":"a","3326":",","3327":"Q","3328":"A","3329":"A","3330":"Q","3331":",","3332":"C","3333":"A","3334":"A","3335":"C","3336":"F","3337":",","3338":"I","3339":"A","3340":"A","3341":"I","3342":"H","3343":",","3344":"M","3345":"A","3346":"A","3347":"M","3348":",","3349":"C","3350":"A","3351":"A","3352":"C","3353":",","3354":"a","3355":"A","3356":"A","3357":"a","3358":"C","3359":",","3360":"I","3361":"A","3362":"A","3363":"I","3364":";","3365":"Q","3366":"A","3367":"C","3368":"v","3369":"E","3370":",","3371":"I","3372":"A","3373":"A","3374":"I","3375":",","3376":"C","3377":"A","3378":"A","3379":"C","3380":"G","3381":",","3382":"M","3383":"A","3384":"A","3385":"M","3386":";","3387":"Y","3388":"A","3389":"C","3390":"T","3391":",","3392":"M","3393":"A","3394":"A","3395":"M","3396":",","3397":"I","3398":"A","3399":"A","3400":"I","3401":"E","3402":",","3403":"y","3404":"B","3405":"A","3406":"A","3407":"i","3408":"B","3409":",","3410":"C","3411":"A","3412":"A","3413":"C","3414":",","3415":"C","3416":"A","3417":"A","3418":"C","3419":",","3420":"a","3421":"A","3422":"A","3423":"a","3424":",","3425":"E","3426":"A","3427":"A","3428":"E","3429":"H","3430":",","3431":"G","3432":"A","3433":"A","3434":"G","3435":",","3436":"U","3437":"A","3438":"A","3439":"U","3440":",","3441":"C","3442":"A","3443":"A","3444":"C","3445":";","3446":"Q","3447":"A","3448":"C","3449":"5","3450":"D","3451":";","3452":"Q","3453":"A","3454":"C","3455":"A","3456":",","3457":"O","3458":"A","3459":"A","3460":"O","3461":"C","3462":";","3463":"I","3464":"A","3465":"C","3466":"T","3467":";","3468":"I","3469":"A","3470":"E","3471":"A","3472":",","3473":"M","3474":"A","3475":"A","3476":"M","3477":"G","3478":",","3479":"Y","3480":"A","3481":"A","3482":"Y","3483":"C","3484":",","3485":"K","3486":"A","3487":"A","3488":"a","3489":",","3490":"E","3491":"A","3492":"A","3493":"g","3494":"C","3495":";","3496":"Q","3497":"A","3498":"C","3499":"7","3500":"D","3501":",","3502":"O","3503":"A","3504":"A","3505":"O","3506":",","3507":"I","3508":"A","3509":"A","3510":"I","3511":",","3512":"C","3513":"A","3514":"A","3515":"C","3516":"h","3517":"B","3518":",","3519":"S","3520":"A","3521":"A","3522":"S","3523":",","3524":"C","3525":"A","3526":"A","3527":"C","3528":"U","3529":",","3530":"O","3531":"A","3532":"A","3533":"O","3534":",","3535":"C","3536":"A","3537":"A","3538":"C","3539":";","3540":"Y","3541":"A","3542":"A","3543":"E","3544":"M","3545":";","3546":"Q","3547":"A","3548":"A","3549":"M","3550":",","3551":"G","3552":"A","3553":"A","3554":"G","3555":"P","3556":",","3557":"I","3558":"A","3559":"A","3560":"I","3561":";","3562":"I","3563":"A","3564":"C","3565":"/","3566":"C","3567":";","3568":"I","3569":"A","3570":"E","3571":"A","3572":",","3573":"M","3574":"A","3575":"A","3576":"M","3577":"Q","3578":",","3579":"O","3580":"A","3581":"A","3582":"O","3583":"N","3584":",","3585":"E","3586":"A","3587":"A","3588":"U","3589":",","3590":"E","3591":"A","3592":"A","3593":"E","3594":"O","3595":",","3596":"a","3597":"A","3598":"A","3599":"4","3600":"B","3601":",","3602":"E","3603":"A","3604":"A","3605":"i","3606":"B","3607":";","3608":"Q","3609":"A","3610":"C","3611":"p","3612":"E","3613":",","3614":"I","3615":"A","3616":"A","3617":"I","3618":"A","3619":",","3620":"c","3621":"A","3622":"A","3623":"c","3624":"p","3625":"B","3626":",","3627":"Q","3628":"A","3629":"A","3630":"Q","3631":",","3632":"E","3633":"A","3634":"A","3635":"E","3636":";","3637":"Y","3638":"A","3639":"C","3640":"1","3641":"B","3642":"o","3643":"B","3644":",","3645":"c","3646":"A","3647":"A","3648":"c","3649":"p","3650":"B","3651":",","3652":"Q","3653":"A","3654":"A","3655":"Q","3656":",","3657":"G","3658":"A","3659":"A","3660":"G","3661":",","3662":"M","3663":"A","3664":"A","3665":"M","3666":"F","3667":",","3668":"Q","3669":"A","3670":"A","3671":"O","3672":"C","3673":",","3674":"I","3675":"A","3676":"A","3677":"I","3678":",","3679":"C","3680":"A","3681":"A","3682":"C","3683":"q","3684":"B","3685":",","3686":"c","3687":"A","3688":"A","3689":"c","3690":"p","3691":"B","3692":",","3693":"Q","3694":"A","3695":"A","3696":"Q","3697":",","3698":"E","3699":"A","3700":"A","3701":"E","3702":";","3703":"Q","3704":"A","3705":"C","3706":"r","3707":"E","3708":";","3709":"Q","3710":"A","3711":"C","3712":"A","3713":",","3714":"M","3715":"A","3716":"A","3717":"M","3718":"q","3719":"B","3720":",","3721":"c","3722":"A","3723":"A","3724":"c","3725":",","3726":"M","3727":"A","3728":"A","3729":"M","3730":",","3731":"I","3732":"A","3733":"A","3734":"I","3735":",","3736":"C","3737":"A","3738":"A","3739":"C","3740":"n","3741":"B","3742":",","3743":"S","3744":"A","3745":"A","3746":"S","3747":",","3748":"C","3749":"A","3750":"C","3751":"r","3752":"C","3753":"o","3754":"B","3755":",","3756":"i","3757":"B","3758":"A","3759":"A","3760":"i","3761":"B","3762":",","3763":"C","3764":"A","3765":"A","3766":"C","3767":"T","3768":",","3769":"I","3770":"A","3771":"A","3772":"I","3773":"O","3774":",","3775":"e","3776":"A","3777":"A","3778":"e","3779":";","3780":"Y","3781":"A","3782":"A","3783":"E","3784":"G","3785":",","3786":"K","3787":"A","3788":"A","3789":"K","3790":";","3791":"Q","3792":"A","3793":"A","3794":"K","3795":",","3796":"G","3797":"A","3798":"C","3799":"j","3800":"D","3801":"b","3802":",","3803":"M","3804":"A","3805":"A","3806":"M","3807":",","3808":"C","3809":"A","3810":"A","3811":"C","3812":",","3813":"a","3814":"A","3815":"C","3816":"P","3817":"C","3818":",","3819":"I","3820":"A","3821":"A","3822":"I","3823":";","3824":"Q","3825":"A","3826":"C","3827":"P","3828":",","3829":"I","3830":"A","3831":"A","3832":"I","3833":",","3834":"C","3835":"A","3836":"A","3837":"C","3838":"U","3839":",","3840":"a","3841":"A","3842":"A","3843":"a","3844":";","3845":"Y","3846":"A","3847":"C","3848":"h","3849":"B","3850":",","3851":"M","3852":"A","3853":"A","3854":"M","3855":",","3856":"I","3857":"A","3858":"A","3859":"I","3860":"L","3861":",","3862":"y","3863":"B","3864":"A","3865":"A","3866":"i","3867":"B","3868":",","3869":"C","3870":"A","3871":"A","3872":"C","3873":",","3874":"C","3875":"A","3876":"A","3877":"C","3878":",","3879":"a","3880":"A","3881":"A","3882":"a","3883":",","3884":"E","3885":"A","3886":"A","3887":"E","3888":"H","3889":",","3890":"G","3891":"A","3892":"A","3893":"G","3894":",","3895":"U","3896":"A","3897":"A","3898":"U","3899":",","3900":"C","3901":"A","3902":"A","3903":"C","3904":";","3905":"Q","3906":"A","3907":"C","3908":"5","3909":"D","3910":";","3911":"Q","3912":"A","3913":"C","3914":"A","3915":",","3916":"O","3917":"A","3918":"A","3919":"O","3920":"Q","3921":";","3922":"I","3923":"A","3924":"C","3925":"T","3926":";","3927":"I","3928":"A","3929":"E","3930":"A","3931":",","3932":"M","3933":"A","3934":"A","3935":"M","3936":"G","3937":",","3938":"O","3939":"A","3940":"A","3941":"O","3942":"X","3943":",","3944":"E","3945":"A","3946":"A","3947":"U","3948":",","3949":"E","3950":"A","3951":"A","3952":"i","3953":"B","3954":";","3955":"Q","3956":"A","3957":"C","3958":"t","3959":"C","3960":",","3961":"M","3962":"A","3963":"A","3964":"M","3965":"Y","3966":",","3967":"S","3968":"A","3969":"A","3970":"S","3971":",","3972":"M","3973":"A","3974":"A","3975":"M","3976":",","3977":"I","3978":"A","3979":"A","3980":"I","3981":",","3982":"C","3983":"A","3984":"A","3985":"C","3986":"v","3987":"B","3988":",","3989":"S","3990":"A","3991":"A","3992":"S","3993":",","3994":"C","3995":"A","3996":"A","3997":"C","3998":"w","3999":"B","4000":",","4001":"i","4002":"B","4003":"A","4004":"A","4005":"i","4006":"B","4007":",","4008":"C","4009":"A","4010":"A","4011":"C","4012":"b","4013":",","4014":"I","4015":"A","4016":"A","4017":"I","4018":"F","4019":",","4020":"I","4021":"A","4022":"A","4023":"I","4024":";","4025":"Q","4026":"A","4027":"C","4028":"9","4029":"D","4030":",","4031":"I","4032":"A","4033":"A","4034":"I","4035":",","4036":"C","4037":"A","4038":"A","4039":"C","4040":"c","4041":",","4042":"Q","4043":"A","4044":"A","4045":"Q","4046":";","4047":"Y","4048":"A","4049":"C","4050":"X","4051":",","4052":"M","4053":"A","4054":"A","4055":"M","4056":",","4057":"I","4058":"A","4059":"A","4060":"I","4061":"T","4062":",","4063":"y","4064":"B","4065":"A","4066":"A","4067":"i","4068":"B","4069":",","4070":"C","4071":"A","4072":"A","4073":"C","4074":",","4075":"C","4076":"A","4077":"A","4078":"C","4079":",","4080":"a","4081":"A","4082":"A","4083":"a","4084":",","4085":"E","4086":"A","4087":"A","4088":"E","4089":"H","4090":",","4091":"G","4092":"A","4093":"A","4094":"G","4095":",","4096":"U","4097":"A","4098":"A","4099":"U","4100":",","4101":"C","4102":"A","4103":"A","4104":"C","4105":";","4106":"Q","4107":"A","4108":"C","4109":"5","4110":"D","4111":";","4112":"I","4113":"A","4114":"C","4115":"F","4116":";","4117":"I","4118":"A","4119":"l","4120":"D","4121":"A","4122":",","4123":"Y","4124":"A","4125":"A","4126":"Y","4127":",","4128":"A","4129":"A","4130":"A","4131":"g","4132":"C","4133":"X","4134":",","4135":"S","4136":"A","4137":"A","4138":"8","4139":"B","4140":",","4141":"C","4142":"A","4143":"A","4144":"E","4145":";","4146":";","4147":"a","4148":"A","4149":"A","4150":"h","4151":"C","4152":"A","4153":",","4154":"Y","4155":"A","4156":"A","4157":"A","4158":"A","4159":";","4160":"I","4161":"A","4162":"A","4163":"i","4164":"C","4165":";","4166":"A","4167":"A","4168":"m","4169":"D","4170":"/","4171":"E","4172":";","4173":";","4174":";","4175":"6","4176":"D","4177":"A","4178":"n","4179":"D","4180":"g","4181":"C","4182":"y","4183":"B","4184":"\"","4185":"}"},"_coverageSchema":"1a1c01bbd47fc00a2c39e90264f33305004495a9","hash":"a9e7c3f6b754d81da6783ab07b9d2a3ad1a282cf"}
}
